Performing C SOURCE FILE Test HAVE_GCC_PREFERRED_STACK_BOUNDARY failed with the following output:
Change Dir: /Users/michaelvaden/Desktop/Projects/janus/target/debug/build/fermium-5a7a19a373d5f646/out/build/CMakeFiles/CMakeScratch/TryCompile-cR1wEu

Run Build Command(s):/usr/bin/make -f Makefile cmTC_ff46e/fast && /Applications/Xcode.app/Contents/Developer/usr/bin/make  -f CMakeFiles/cmTC_ff46e.dir/build.make CMakeFiles/cmTC_ff46e.dir/build
Building C object CMakeFiles/cmTC_ff46e.dir/src.c.o
/usr/bin/cc -DHAVE_GCC_PREFERRED_STACK_BOUNDARY  -ffunction-sections -fdata-sections -fPIC -arch arm64 -idirafter "/Users/michaelvaden/.cargo/registry/src/github.com-1ecc6299db9ec823/fermium-20022.0.0/SDL2-2.0.22/src/video/khronos" -mpreferred-stack-boundary=2 -arch arm64 -isysroot /Applications/Xcode.app/Contents/Developer/Platforms/MacOSX.platform/Developer/SDKs/MacOSX12.3.sdk -MD -MT CMakeFiles/cmTC_ff46e.dir/src.c.o -MF CMakeFiles/cmTC_ff46e.dir/src.c.o.d -o CMakeFiles/cmTC_ff46e.dir/src.c.o -c /Users/michaelvaden/Desktop/Projects/janus/target/debug/build/fermium-5a7a19a373d5f646/out/build/CMakeFiles/CMakeScratch/TryCompile-cR1wEu/src.c
clang: error: unknown argument: '-mpreferred-stack-boundary=2'
make[1]: *** [CMakeFiles/cmTC_ff46e.dir/src.c.o] Error 1
make: *** [cmTC_ff46e/fast] Error 2


Source file was:
int x = 0; int main(int argc, char **argv) { return 0; }

Performing C SOURCE FILE Test HAVE_MMX failed with the following output:
Change Dir: /Users/michaelvaden/Desktop/Projects/janus/target/debug/build/fermium-5a7a19a373d5f646/out/build/CMakeFiles/CMakeScratch/TryCompile-klEuDv

Run Build Command(s):/usr/bin/make -f Makefile cmTC_20494/fast && /Applications/Xcode.app/Contents/Developer/usr/bin/make  -f CMakeFiles/cmTC_20494.dir/build.make CMakeFiles/cmTC_20494.dir/build
Building C object CMakeFiles/cmTC_20494.dir/src.c.o
/usr/bin/cc -DHAVE_MMX  -ffunction-sections -fdata-sections -fPIC -arch arm64 -idirafter "/Users/michaelvaden/.cargo/registry/src/github.com-1ecc6299db9ec823/fermium-20022.0.0/SDL2-2.0.22/src/video/khronos" -mmmx -arch arm64 -isysroot /Applications/Xcode.app/Contents/Developer/Platforms/MacOSX.platform/Developer/SDKs/MacOSX12.3.sdk -MD -MT CMakeFiles/cmTC_20494.dir/src.c.o -MF CMakeFiles/cmTC_20494.dir/src.c.o.d -o CMakeFiles/cmTC_20494.dir/src.c.o -c /Users/michaelvaden/Desktop/Projects/janus/target/debug/build/fermium-5a7a19a373d5f646/out/build/CMakeFiles/CMakeScratch/TryCompile-klEuDv/src.c
clang: warning: argument unused during compilation: '-mmmx' [-Wunused-command-line-argument]
In file included from /Users/michaelvaden/Desktop/Projects/janus/target/debug/build/fermium-5a7a19a373d5f646/out/build/CMakeFiles/CMakeScratch/TryCompile-klEuDv/src.c:10:
/Applications/Xcode.app/Contents/Developer/Toolchains/XcodeDefault.xctoolchain/usr/lib/clang/13.1.6/include/mmintrin.h:50:12: error: invalid conversion between vector type '__m64' (vector of 1 'long long' value) and integer type 'int' of different size
    return (__m64)__builtin_ia32_vec_init_v2si(__i, 0);
           ^~~~~~~~~~~~~~~~~~~~~~~~~~~~~~~~~~~~~~~~~~~
/Applications/Xcode.app/Contents/Developer/Toolchains/XcodeDefault.xctoolchain/usr/lib/clang/13.1.6/include/mmintrin.h:129:12: error: invalid conversion between vector type '__m64' (vector of 1 'long long' value) and integer type 'int' of different size
    return (__m64)__builtin_ia32_packsswb((__v4hi)__m1, (__v4hi)__m2);
           ^~~~~~~~~~~~~~~~~~~~~~~~~~~~~~~~~~~~~~~~~~~~~~~~~~~~~~~~~~
/Applications/Xcode.app/Contents/Developer/Toolchains/XcodeDefault.xctoolchain/usr/lib/clang/13.1.6/include/mmintrin.h:159:12: error: invalid conversion between vector type '__m64' (vector of 1 'long long' value) and integer type 'int' of different size
    return (__m64)__builtin_ia32_packssdw((__v2si)__m1, (__v2si)__m2);
           ^~~~~~~~~~~~~~~~~~~~~~~~~~~~~~~~~~~~~~~~~~~~~~~~~~~~~~~~~~
/Applications/Xcode.app/Contents/Developer/Toolchains/XcodeDefault.xctoolchain/usr/lib/clang/13.1.6/include/mmintrin.h:189:12: error: invalid conversion between vector type '__m64' (vector of 1 'long long' value) and integer type 'int' of different size
    return (__m64)__builtin_ia32_packuswb((__v4hi)__m1, (__v4hi)__m2);
           ^~~~~~~~~~~~~~~~~~~~~~~~~~~~~~~~~~~~~~~~~~~~~~~~~~~~~~~~~~
/Applications/Xcode.app/Contents/Developer/Toolchains/XcodeDefault.xctoolchain/usr/lib/clang/13.1.6/include/mmintrin.h:216:12: error: invalid conversion between vector type '__m64' (vector of 1 'long long' value) and integer type 'int' of different size
    return (__m64)__builtin_ia32_punpckhbw((__v8qi)__m1, (__v8qi)__m2);
           ^~~~~~~~~~~~~~~~~~~~~~~~~~~~~~~~~~~~~~~~~~~~~~~~~~~~~~~~~~~
/Applications/Xcode.app/Contents/Developer/Toolchains/XcodeDefault.xctoolchain/usr/lib/clang/13.1.6/include/mmintrin.h:239:12: error: invalid conversion between vector type '__m64' (vector of 1 'long long' value) and integer type 'int' of different size
    return (__m64)__builtin_ia32_punpckhwd((__v4hi)__m1, (__v4hi)__m2);
           ^~~~~~~~~~~~~~~~~~~~~~~~~~~~~~~~~~~~~~~~~~~~~~~~~~~~~~~~~~~
/Applications/Xcode.app/Contents/Developer/Toolchains/XcodeDefault.xctoolchain/usr/lib/clang/13.1.6/include/mmintrin.h:260:12: error: invalid conversion between vector type '__m64' (vector of 1 'long long' value) and integer type 'int' of different size
    return (__m64)__builtin_ia32_punpckhdq((__v2si)__m1, (__v2si)__m2);
           ^~~~~~~~~~~~~~~~~~~~~~~~~~~~~~~~~~~~~~~~~~~~~~~~~~~~~~~~~~~
/Applications/Xcode.app/Contents/Developer/Toolchains/XcodeDefault.xctoolchain/usr/lib/clang/13.1.6/include/mmintrin.h:287:12: error: invalid conversion between vector type '__m64' (vector of 1 'long long' value) and integer type 'int' of different size
    return (__m64)__builtin_ia32_punpcklbw((__v8qi)__m1, (__v8qi)__m2);
           ^~~~~~~~~~~~~~~~~~~~~~~~~~~~~~~~~~~~~~~~~~~~~~~~~~~~~~~~~~~
/Applications/Xcode.app/Contents/Developer/Toolchains/XcodeDefault.xctoolchain/usr/lib/clang/13.1.6/include/mmintrin.h:310:12: error: invalid conversion between vector type '__m64' (vector of 1 'long long' value) and integer type 'int' of different size
    return (__m64)__builtin_ia32_punpcklwd((__v4hi)__m1, (__v4hi)__m2);
           ^~~~~~~~~~~~~~~~~~~~~~~~~~~~~~~~~~~~~~~~~~~~~~~~~~~~~~~~~~~
/Applications/Xcode.app/Contents/Developer/Toolchains/XcodeDefault.xctoolchain/usr/lib/clang/13.1.6/include/mmintrin.h:331:12: error: invalid conversion between vector type '__m64' (vector of 1 'long long' value) and integer type 'int' of different size
    return (__m64)__builtin_ia32_punpckldq((__v2si)__m1, (__v2si)__m2);
           ^~~~~~~~~~~~~~~~~~~~~~~~~~~~~~~~~~~~~~~~~~~~~~~~~~~~~~~~~~~
/Applications/Xcode.app/Contents/Developer/Toolchains/XcodeDefault.xctoolchain/usr/lib/clang/13.1.6/include/mmintrin.h:352:12: error: invalid conversion between vector type '__m64' (vector of 1 'long long' value) and integer type 'int' of different size
    return (__m64)__builtin_ia32_paddb((__v8qi)__m1, (__v8qi)__m2);
           ^~~~~~~~~~~~~~~~~~~~~~~~~~~~~~~~~~~~~~~~~~~~~~~~~~~~~~~
/Applications/Xcode.app/Contents/Developer/Toolchains/XcodeDefault.xctoolchain/usr/lib/clang/13.1.6/include/mmintrin.h:373:12: error: invalid conversion between vector type '__m64' (vector of 1 'long long' value) and integer type 'int' of different size
    return (__m64)__builtin_ia32_paddw((__v4hi)__m1, (__v4hi)__m2);
           ^~~~~~~~~~~~~~~~~~~~~~~~~~~~~~~~~~~~~~~~~~~~~~~~~~~~~~~
/Applications/Xcode.app/Contents/Developer/Toolchains/XcodeDefault.xctoolchain/usr/lib/clang/13.1.6/include/mmintrin.h:394:12: error: invalid conversion between vector type '__m64' (vector of 1 'long long' value) and integer type 'int' of different size
    return (__m64)__builtin_ia32_paddd((__v2si)__m1, (__v2si)__m2);
           ^~~~~~~~~~~~~~~~~~~~~~~~~~~~~~~~~~~~~~~~~~~~~~~~~~~~~~~
/Applications/Xcode.app/Contents/Developer/Toolchains/XcodeDefault.xctoolchain/usr/lib/clang/13.1.6/include/mmintrin.h:416:12: error: invalid conversion between vector type '__m64' (vector of 1 'long long' value) and integer type 'int' of different size
    return (__m64)__builtin_ia32_paddsb((__v8qi)__m1, (__v8qi)__m2);
           ^~~~~~~~~~~~~~~~~~~~~~~~~~~~~~~~~~~~~~~~~~~~~~~~~~~~~~~~
/Applications/Xcode.app/Contents/Developer/Toolchains/XcodeDefault.xctoolchain/usr/lib/clang/13.1.6/include/mmintrin.h:439:12: error: invalid conversion between vector type '__m64' (vector of 1 'long long' value) and integer type 'int' of different size
    return (__m64)__builtin_ia32_paddsw((__v4hi)__m1, (__v4hi)__m2);
           ^~~~~~~~~~~~~~~~~~~~~~~~~~~~~~~~~~~~~~~~~~~~~~~~~~~~~~~~
/Applications/Xcode.app/Contents/Developer/Toolchains/XcodeDefault.xctoolchain/usr/lib/clang/13.1.6/include/mmintrin.h:461:12: error: invalid conversion between vector type '__m64' (vector of 1 'long long' value) and integer type 'int' of different size
    return (__m64)__builtin_ia32_paddusb((__v8qi)__m1, (__v8qi)__m2);
           ^~~~~~~~~~~~~~~~~~~~~~~~~~~~~~~~~~~~~~~~~~~~~~~~~~~~~~~~~
/Applications/Xcode.app/Contents/Developer/Toolchains/XcodeDefault.xctoolchain/usr/lib/clang/13.1.6/include/mmintrin.h:483:12: error: invalid conversion between vector type '__m64' (vector of 1 'long long' value) and integer type 'int' of different size
    return (__m64)__builtin_ia32_paddusw((__v4hi)__m1, (__v4hi)__m2);
           ^~~~~~~~~~~~~~~~~~~~~~~~~~~~~~~~~~~~~~~~~~~~~~~~~~~~~~~~~
/Applications/Xcode.app/Contents/Developer/Toolchains/XcodeDefault.xctoolchain/usr/lib/clang/13.1.6/include/mmintrin.h:504:12: error: invalid conversion between vector type '__m64' (vector of 1 'long long' value) and integer type 'int' of different size
    return (__m64)__builtin_ia32_psubb((__v8qi)__m1, (__v8qi)__m2);
           ^~~~~~~~~~~~~~~~~~~~~~~~~~~~~~~~~~~~~~~~~~~~~~~~~~~~~~~
/Applications/Xcode.app/Contents/Developer/Toolchains/XcodeDefault.xctoolchain/usr/lib/clang/13.1.6/include/mmintrin.h:525:12: error: invalid conversion between vector type '__m64' (vector of 1 'long long' value) and integer type 'int' of different size
    return (__m64)__builtin_ia32_psubw((__v4hi)__m1, (__v4hi)__m2);
           ^~~~~~~~~~~~~~~~~~~~~~~~~~~~~~~~~~~~~~~~~~~~~~~~~~~~~~~
fatal error: too many errors emitted, stopping now [-ferror-limit=]
20 errors generated.
make[1]: *** [CMakeFiles/cmTC_20494.dir/src.c.o] Error 1
make: *** [cmTC_20494/fast] Error 2


Source file was:

          #ifdef __MINGW32__
          #include <_mingw.h>
          #ifdef __MINGW64_VERSION_MAJOR
          #include <intrin.h>
          #else
          #include <mmintrin.h>
          #endif
          #else
          #include <mmintrin.h>
          #endif
          #ifndef __MMX__
          #error Assembler CPP flag not enabled
          #endif
          int main(int argc, char **argv) { return 0; }

Performing C SOURCE FILE Test HAVE_3DNOW failed with the following output:
Change Dir: /Users/michaelvaden/Desktop/Projects/janus/target/debug/build/fermium-5a7a19a373d5f646/out/build/CMakeFiles/CMakeScratch/TryCompile-P3wHMP

Run Build Command(s):/usr/bin/make -f Makefile cmTC_10fb7/fast && /Applications/Xcode.app/Contents/Developer/usr/bin/make  -f CMakeFiles/cmTC_10fb7.dir/build.make CMakeFiles/cmTC_10fb7.dir/build
Building C object CMakeFiles/cmTC_10fb7.dir/src.c.o
/usr/bin/cc -DHAVE_3DNOW  -ffunction-sections -fdata-sections -fPIC -arch arm64 -idirafter "/Users/michaelvaden/.cargo/registry/src/github.com-1ecc6299db9ec823/fermium-20022.0.0/SDL2-2.0.22/src/video/khronos" -m3dnow -arch arm64 -isysroot /Applications/Xcode.app/Contents/Developer/Platforms/MacOSX.platform/Developer/SDKs/MacOSX12.3.sdk -MD -MT CMakeFiles/cmTC_10fb7.dir/src.c.o -MF CMakeFiles/cmTC_10fb7.dir/src.c.o.d -o CMakeFiles/cmTC_10fb7.dir/src.c.o -c /Users/michaelvaden/Desktop/Projects/janus/target/debug/build/fermium-5a7a19a373d5f646/out/build/CMakeFiles/CMakeScratch/TryCompile-P3wHMP/src.c
clang: warning: argument unused during compilation: '-m3dnow' [-Wunused-command-line-argument]
In file included from /Users/michaelvaden/Desktop/Projects/janus/target/debug/build/fermium-5a7a19a373d5f646/out/build/CMakeFiles/CMakeScratch/TryCompile-P3wHMP/src.c:2:
In file included from /Applications/Xcode.app/Contents/Developer/Toolchains/XcodeDefault.xctoolchain/usr/lib/clang/13.1.6/include/mm3dnow.h:13:
/Applications/Xcode.app/Contents/Developer/Toolchains/XcodeDefault.xctoolchain/usr/lib/clang/13.1.6/include/mmintrin.h:50:12: error: invalid conversion between vector type '__m64' (vector of 1 'long long' value) and integer type 'int' of different size
    return (__m64)__builtin_ia32_vec_init_v2si(__i, 0);
           ^~~~~~~~~~~~~~~~~~~~~~~~~~~~~~~~~~~~~~~~~~~
/Applications/Xcode.app/Contents/Developer/Toolchains/XcodeDefault.xctoolchain/usr/lib/clang/13.1.6/include/mmintrin.h:129:12: error: invalid conversion between vector type '__m64' (vector of 1 'long long' value) and integer type 'int' of different size
    return (__m64)__builtin_ia32_packsswb((__v4hi)__m1, (__v4hi)__m2);
           ^~~~~~~~~~~~~~~~~~~~~~~~~~~~~~~~~~~~~~~~~~~~~~~~~~~~~~~~~~
/Applications/Xcode.app/Contents/Developer/Toolchains/XcodeDefault.xctoolchain/usr/lib/clang/13.1.6/include/mmintrin.h:159:12: error: invalid conversion between vector type '__m64' (vector of 1 'long long' value) and integer type 'int' of different size
    return (__m64)__builtin_ia32_packssdw((__v2si)__m1, (__v2si)__m2);
           ^~~~~~~~~~~~~~~~~~~~~~~~~~~~~~~~~~~~~~~~~~~~~~~~~~~~~~~~~~
/Applications/Xcode.app/Contents/Developer/Toolchains/XcodeDefault.xctoolchain/usr/lib/clang/13.1.6/include/mmintrin.h:189:12: error: invalid conversion between vector type '__m64' (vector of 1 'long long' value) and integer type 'int' of different size
    return (__m64)__builtin_ia32_packuswb((__v4hi)__m1, (__v4hi)__m2);
           ^~~~~~~~~~~~~~~~~~~~~~~~~~~~~~~~~~~~~~~~~~~~~~~~~~~~~~~~~~
/Applications/Xcode.app/Contents/Developer/Toolchains/XcodeDefault.xctoolchain/usr/lib/clang/13.1.6/include/mmintrin.h:216:12: error: invalid conversion between vector type '__m64' (vector of 1 'long long' value) and integer type 'int' of different size
    return (__m64)__builtin_ia32_punpckhbw((__v8qi)__m1, (__v8qi)__m2);
           ^~~~~~~~~~~~~~~~~~~~~~~~~~~~~~~~~~~~~~~~~~~~~~~~~~~~~~~~~~~
/Applications/Xcode.app/Contents/Developer/Toolchains/XcodeDefault.xctoolchain/usr/lib/clang/13.1.6/include/mmintrin.h:239:12: error: invalid conversion between vector type '__m64' (vector of 1 'long long' value) and integer type 'int' of different size
    return (__m64)__builtin_ia32_punpckhwd((__v4hi)__m1, (__v4hi)__m2);
           ^~~~~~~~~~~~~~~~~~~~~~~~~~~~~~~~~~~~~~~~~~~~~~~~~~~~~~~~~~~
/Applications/Xcode.app/Contents/Developer/Toolchains/XcodeDefault.xctoolchain/usr/lib/clang/13.1.6/include/mmintrin.h:260:12: error: invalid conversion between vector type '__m64' (vector of 1 'long long' value) and integer type 'int' of different size
    return (__m64)__builtin_ia32_punpckhdq((__v2si)__m1, (__v2si)__m2);
           ^~~~~~~~~~~~~~~~~~~~~~~~~~~~~~~~~~~~~~~~~~~~~~~~~~~~~~~~~~~
/Applications/Xcode.app/Contents/Developer/Toolchains/XcodeDefault.xctoolchain/usr/lib/clang/13.1.6/include/mmintrin.h:287:12: error: invalid conversion between vector type '__m64' (vector of 1 'long long' value) and integer type 'int' of different size
    return (__m64)__builtin_ia32_punpcklbw((__v8qi)__m1, (__v8qi)__m2);
           ^~~~~~~~~~~~~~~~~~~~~~~~~~~~~~~~~~~~~~~~~~~~~~~~~~~~~~~~~~~
/Applications/Xcode.app/Contents/Developer/Toolchains/XcodeDefault.xctoolchain/usr/lib/clang/13.1.6/include/mmintrin.h:310:12: error: invalid conversion between vector type '__m64' (vector of 1 'long long' value) and integer type 'int' of different size
    return (__m64)__builtin_ia32_punpcklwd((__v4hi)__m1, (__v4hi)__m2);
           ^~~~~~~~~~~~~~~~~~~~~~~~~~~~~~~~~~~~~~~~~~~~~~~~~~~~~~~~~~~
/Applications/Xcode.app/Contents/Developer/Toolchains/XcodeDefault.xctoolchain/usr/lib/clang/13.1.6/include/mmintrin.h:331:12: error: invalid conversion between vector type '__m64' (vector of 1 'long long' value) and integer type 'int' of different size
    return (__m64)__builtin_ia32_punpckldq((__v2si)__m1, (__v2si)__m2);
           ^~~~~~~~~~~~~~~~~~~~~~~~~~~~~~~~~~~~~~~~~~~~~~~~~~~~~~~~~~~
/Applications/Xcode.app/Contents/Developer/Toolchains/XcodeDefault.xctoolchain/usr/lib/clang/13.1.6/include/mmintrin.h:352:12: error: invalid conversion between vector type '__m64' (vector of 1 'long long' value) and integer type 'int' of different size
    return (__m64)__builtin_ia32_paddb((__v8qi)__m1, (__v8qi)__m2);
           ^~~~~~~~~~~~~~~~~~~~~~~~~~~~~~~~~~~~~~~~~~~~~~~~~~~~~~~
/Applications/Xcode.app/Contents/Developer/Toolchains/XcodeDefault.xctoolchain/usr/lib/clang/13.1.6/include/mmintrin.h:373:12: error: invalid conversion between vector type '__m64' (vector of 1 'long long' value) and integer type 'int' of different size
    return (__m64)__builtin_ia32_paddw((__v4hi)__m1, (__v4hi)__m2);
           ^~~~~~~~~~~~~~~~~~~~~~~~~~~~~~~~~~~~~~~~~~~~~~~~~~~~~~~
/Applications/Xcode.app/Contents/Developer/Toolchains/XcodeDefault.xctoolchain/usr/lib/clang/13.1.6/include/mmintrin.h:394:12: error: invalid conversion between vector type '__m64' (vector of 1 'long long' value) and integer type 'int' of different size
    return (__m64)__builtin_ia32_paddd((__v2si)__m1, (__v2si)__m2);
           ^~~~~~~~~~~~~~~~~~~~~~~~~~~~~~~~~~~~~~~~~~~~~~~~~~~~~~~
/Applications/Xcode.app/Contents/Developer/Toolchains/XcodeDefault.xctoolchain/usr/lib/clang/13.1.6/include/mmintrin.h:416:12: error: invalid conversion between vector type '__m64' (vector of 1 'long long' value) and integer type 'int' of different size
    return (__m64)__builtin_ia32_paddsb((__v8qi)__m1, (__v8qi)__m2);
           ^~~~~~~~~~~~~~~~~~~~~~~~~~~~~~~~~~~~~~~~~~~~~~~~~~~~~~~~
/Applications/Xcode.app/Contents/Developer/Toolchains/XcodeDefault.xctoolchain/usr/lib/clang/13.1.6/include/mmintrin.h:439:12: error: invalid conversion between vector type '__m64' (vector of 1 'long long' value) and integer type 'int' of different size
    return (__m64)__builtin_ia32_paddsw((__v4hi)__m1, (__v4hi)__m2);
           ^~~~~~~~~~~~~~~~~~~~~~~~~~~~~~~~~~~~~~~~~~~~~~~~~~~~~~~~
/Applications/Xcode.app/Contents/Developer/Toolchains/XcodeDefault.xctoolchain/usr/lib/clang/13.1.6/include/mmintrin.h:461:12: error: invalid conversion between vector type '__m64' (vector of 1 'long long' value) and integer type 'int' of different size
    return (__m64)__builtin_ia32_paddusb((__v8qi)__m1, (__v8qi)__m2);
           ^~~~~~~~~~~~~~~~~~~~~~~~~~~~~~~~~~~~~~~~~~~~~~~~~~~~~~~~~
/Applications/Xcode.app/Contents/Developer/Toolchains/XcodeDefault.xctoolchain/usr/lib/clang/13.1.6/include/mmintrin.h:483:12: error: invalid conversion between vector type '__m64' (vector of 1 'long long' value) and integer type 'int' of different size
    return (__m64)__builtin_ia32_paddusw((__v4hi)__m1, (__v4hi)__m2);
           ^~~~~~~~~~~~~~~~~~~~~~~~~~~~~~~~~~~~~~~~~~~~~~~~~~~~~~~~~
/Applications/Xcode.app/Contents/Developer/Toolchains/XcodeDefault.xctoolchain/usr/lib/clang/13.1.6/include/mmintrin.h:504:12: error: invalid conversion between vector type '__m64' (vector of 1 'long long' value) and integer type 'int' of different size
    return (__m64)__builtin_ia32_psubb((__v8qi)__m1, (__v8qi)__m2);
           ^~~~~~~~~~~~~~~~~~~~~~~~~~~~~~~~~~~~~~~~~~~~~~~~~~~~~~~
/Applications/Xcode.app/Contents/Developer/Toolchains/XcodeDefault.xctoolchain/usr/lib/clang/13.1.6/include/mmintrin.h:525:12: error: invalid conversion between vector type '__m64' (vector of 1 'long long' value) and integer type 'int' of different size
    return (__m64)__builtin_ia32_psubw((__v4hi)__m1, (__v4hi)__m2);
           ^~~~~~~~~~~~~~~~~~~~~~~~~~~~~~~~~~~~~~~~~~~~~~~~~~~~~~~
fatal error: too many errors emitted, stopping now [-ferror-limit=]
20 errors generated.
make[1]: *** [CMakeFiles/cmTC_10fb7.dir/src.c.o] Error 1
make: *** [cmTC_10fb7/fast] Error 2


Source file was:

          #include <mm3dnow.h>
          #ifndef __3dNOW__
          #error Assembler CPP flag not enabled
          #endif
          int main(int argc, char **argv) {
            void *p = 0;
            _m_prefetch(p);
            return 0;
          }

Performing C SOURCE FILE Test HAVE_SSE failed with the following output:
Change Dir: /Users/michaelvaden/Desktop/Projects/janus/target/debug/build/fermium-5a7a19a373d5f646/out/build/CMakeFiles/CMakeScratch/TryCompile-AtnBEE

Run Build Command(s):/usr/bin/make -f Makefile cmTC_032de/fast && /Applications/Xcode.app/Contents/Developer/usr/bin/make  -f CMakeFiles/cmTC_032de.dir/build.make CMakeFiles/cmTC_032de.dir/build
Building C object CMakeFiles/cmTC_032de.dir/src.c.o
/usr/bin/cc -DHAVE_SSE  -ffunction-sections -fdata-sections -fPIC -arch arm64 -idirafter "/Users/michaelvaden/.cargo/registry/src/github.com-1ecc6299db9ec823/fermium-20022.0.0/SDL2-2.0.22/src/video/khronos" -msse -arch arm64 -isysroot /Applications/Xcode.app/Contents/Developer/Platforms/MacOSX.platform/Developer/SDKs/MacOSX12.3.sdk -MD -MT CMakeFiles/cmTC_032de.dir/src.c.o -MF CMakeFiles/cmTC_032de.dir/src.c.o.d -o CMakeFiles/cmTC_032de.dir/src.c.o -c /Users/michaelvaden/Desktop/Projects/janus/target/debug/build/fermium-5a7a19a373d5f646/out/build/CMakeFiles/CMakeScratch/TryCompile-AtnBEE/src.c
clang: warning: argument unused during compilation: '-msse' [-Wunused-command-line-argument]
In file included from /Users/michaelvaden/Desktop/Projects/janus/target/debug/build/fermium-5a7a19a373d5f646/out/build/CMakeFiles/CMakeScratch/TryCompile-AtnBEE/src.c:10:
In file included from /Applications/Xcode.app/Contents/Developer/Toolchains/XcodeDefault.xctoolchain/usr/lib/clang/13.1.6/include/xmmintrin.h:13:
/Applications/Xcode.app/Contents/Developer/Toolchains/XcodeDefault.xctoolchain/usr/lib/clang/13.1.6/include/mmintrin.h:50:12: error: invalid conversion between vector type '__m64' (vector of 1 'long long' value) and integer type 'int' of different size
    return (__m64)__builtin_ia32_vec_init_v2si(__i, 0);
           ^~~~~~~~~~~~~~~~~~~~~~~~~~~~~~~~~~~~~~~~~~~
/Applications/Xcode.app/Contents/Developer/Toolchains/XcodeDefault.xctoolchain/usr/lib/clang/13.1.6/include/mmintrin.h:129:12: error: invalid conversion between vector type '__m64' (vector of 1 'long long' value) and integer type 'int' of different size
    return (__m64)__builtin_ia32_packsswb((__v4hi)__m1, (__v4hi)__m2);
           ^~~~~~~~~~~~~~~~~~~~~~~~~~~~~~~~~~~~~~~~~~~~~~~~~~~~~~~~~~
/Applications/Xcode.app/Contents/Developer/Toolchains/XcodeDefault.xctoolchain/usr/lib/clang/13.1.6/include/mmintrin.h:159:12: error: invalid conversion between vector type '__m64' (vector of 1 'long long' value) and integer type 'int' of different size
    return (__m64)__builtin_ia32_packssdw((__v2si)__m1, (__v2si)__m2);
           ^~~~~~~~~~~~~~~~~~~~~~~~~~~~~~~~~~~~~~~~~~~~~~~~~~~~~~~~~~
/Applications/Xcode.app/Contents/Developer/Toolchains/XcodeDefault.xctoolchain/usr/lib/clang/13.1.6/include/mmintrin.h:189:12: error: invalid conversion between vector type '__m64' (vector of 1 'long long' value) and integer type 'int' of different size
    return (__m64)__builtin_ia32_packuswb((__v4hi)__m1, (__v4hi)__m2);
           ^~~~~~~~~~~~~~~~~~~~~~~~~~~~~~~~~~~~~~~~~~~~~~~~~~~~~~~~~~
/Applications/Xcode.app/Contents/Developer/Toolchains/XcodeDefault.xctoolchain/usr/lib/clang/13.1.6/include/mmintrin.h:216:12: error: invalid conversion between vector type '__m64' (vector of 1 'long long' value) and integer type 'int' of different size
    return (__m64)__builtin_ia32_punpckhbw((__v8qi)__m1, (__v8qi)__m2);
           ^~~~~~~~~~~~~~~~~~~~~~~~~~~~~~~~~~~~~~~~~~~~~~~~~~~~~~~~~~~
/Applications/Xcode.app/Contents/Developer/Toolchains/XcodeDefault.xctoolchain/usr/lib/clang/13.1.6/include/mmintrin.h:239:12: error: invalid conversion between vector type '__m64' (vector of 1 'long long' value) and integer type 'int' of different size
    return (__m64)__builtin_ia32_punpckhwd((__v4hi)__m1, (__v4hi)__m2);
           ^~~~~~~~~~~~~~~~~~~~~~~~~~~~~~~~~~~~~~~~~~~~~~~~~~~~~~~~~~~
/Applications/Xcode.app/Contents/Developer/Toolchains/XcodeDefault.xctoolchain/usr/lib/clang/13.1.6/include/mmintrin.h:260:12: error: invalid conversion between vector type '__m64' (vector of 1 'long long' value) and integer type 'int' of different size
    return (__m64)__builtin_ia32_punpckhdq((__v2si)__m1, (__v2si)__m2);
           ^~~~~~~~~~~~~~~~~~~~~~~~~~~~~~~~~~~~~~~~~~~~~~~~~~~~~~~~~~~
/Applications/Xcode.app/Contents/Developer/Toolchains/XcodeDefault.xctoolchain/usr/lib/clang/13.1.6/include/mmintrin.h:287:12: error: invalid conversion between vector type '__m64' (vector of 1 'long long' value) and integer type 'int' of different size
    return (__m64)__builtin_ia32_punpcklbw((__v8qi)__m1, (__v8qi)__m2);
           ^~~~~~~~~~~~~~~~~~~~~~~~~~~~~~~~~~~~~~~~~~~~~~~~~~~~~~~~~~~
/Applications/Xcode.app/Contents/Developer/Toolchains/XcodeDefault.xctoolchain/usr/lib/clang/13.1.6/include/mmintrin.h:310:12: error: invalid conversion between vector type '__m64' (vector of 1 'long long' value) and integer type 'int' of different size
    return (__m64)__builtin_ia32_punpcklwd((__v4hi)__m1, (__v4hi)__m2);
           ^~~~~~~~~~~~~~~~~~~~~~~~~~~~~~~~~~~~~~~~~~~~~~~~~~~~~~~~~~~
/Applications/Xcode.app/Contents/Developer/Toolchains/XcodeDefault.xctoolchain/usr/lib/clang/13.1.6/include/mmintrin.h:331:12: error: invalid conversion between vector type '__m64' (vector of 1 'long long' value) and integer type 'int' of different size
    return (__m64)__builtin_ia32_punpckldq((__v2si)__m1, (__v2si)__m2);
           ^~~~~~~~~~~~~~~~~~~~~~~~~~~~~~~~~~~~~~~~~~~~~~~~~~~~~~~~~~~
/Applications/Xcode.app/Contents/Developer/Toolchains/XcodeDefault.xctoolchain/usr/lib/clang/13.1.6/include/mmintrin.h:352:12: error: invalid conversion between vector type '__m64' (vector of 1 'long long' value) and integer type 'int' of different size
    return (__m64)__builtin_ia32_paddb((__v8qi)__m1, (__v8qi)__m2);
           ^~~~~~~~~~~~~~~~~~~~~~~~~~~~~~~~~~~~~~~~~~~~~~~~~~~~~~~
/Applications/Xcode.app/Contents/Developer/Toolchains/XcodeDefault.xctoolchain/usr/lib/clang/13.1.6/include/mmintrin.h:373:12: error: invalid conversion between vector type '__m64' (vector of 1 'long long' value) and integer type 'int' of different size
    return (__m64)__builtin_ia32_paddw((__v4hi)__m1, (__v4hi)__m2);
           ^~~~~~~~~~~~~~~~~~~~~~~~~~~~~~~~~~~~~~~~~~~~~~~~~~~~~~~
/Applications/Xcode.app/Contents/Developer/Toolchains/XcodeDefault.xctoolchain/usr/lib/clang/13.1.6/include/mmintrin.h:394:12: error: invalid conversion between vector type '__m64' (vector of 1 'long long' value) and integer type 'int' of different size
    return (__m64)__builtin_ia32_paddd((__v2si)__m1, (__v2si)__m2);
           ^~~~~~~~~~~~~~~~~~~~~~~~~~~~~~~~~~~~~~~~~~~~~~~~~~~~~~~
/Applications/Xcode.app/Contents/Developer/Toolchains/XcodeDefault.xctoolchain/usr/lib/clang/13.1.6/include/mmintrin.h:416:12: error: invalid conversion between vector type '__m64' (vector of 1 'long long' value) and integer type 'int' of different size
    return (__m64)__builtin_ia32_paddsb((__v8qi)__m1, (__v8qi)__m2);
           ^~~~~~~~~~~~~~~~~~~~~~~~~~~~~~~~~~~~~~~~~~~~~~~~~~~~~~~~
/Applications/Xcode.app/Contents/Developer/Toolchains/XcodeDefault.xctoolchain/usr/lib/clang/13.1.6/include/mmintrin.h:439:12: error: invalid conversion between vector type '__m64' (vector of 1 'long long' value) and integer type 'int' of different size
    return (__m64)__builtin_ia32_paddsw((__v4hi)__m1, (__v4hi)__m2);
           ^~~~~~~~~~~~~~~~~~~~~~~~~~~~~~~~~~~~~~~~~~~~~~~~~~~~~~~~
/Applications/Xcode.app/Contents/Developer/Toolchains/XcodeDefault.xctoolchain/usr/lib/clang/13.1.6/include/mmintrin.h:461:12: error: invalid conversion between vector type '__m64' (vector of 1 'long long' value) and integer type 'int' of different size
    return (__m64)__builtin_ia32_paddusb((__v8qi)__m1, (__v8qi)__m2);
           ^~~~~~~~~~~~~~~~~~~~~~~~~~~~~~~~~~~~~~~~~~~~~~~~~~~~~~~~~
/Applications/Xcode.app/Contents/Developer/Toolchains/XcodeDefault.xctoolchain/usr/lib/clang/13.1.6/include/mmintrin.h:483:12: error: invalid conversion between vector type '__m64' (vector of 1 'long long' value) and integer type 'int' of different size
    return (__m64)__builtin_ia32_paddusw((__v4hi)__m1, (__v4hi)__m2);
           ^~~~~~~~~~~~~~~~~~~~~~~~~~~~~~~~~~~~~~~~~~~~~~~~~~~~~~~~~
/Applications/Xcode.app/Contents/Developer/Toolchains/XcodeDefault.xctoolchain/usr/lib/clang/13.1.6/include/mmintrin.h:504:12: error: invalid conversion between vector type '__m64' (vector of 1 'long long' value) and integer type 'int' of different size
    return (__m64)__builtin_ia32_psubb((__v8qi)__m1, (__v8qi)__m2);
           ^~~~~~~~~~~~~~~~~~~~~~~~~~~~~~~~~~~~~~~~~~~~~~~~~~~~~~~
/Applications/Xcode.app/Contents/Developer/Toolchains/XcodeDefault.xctoolchain/usr/lib/clang/13.1.6/include/mmintrin.h:525:12: error: invalid conversion between vector type '__m64' (vector of 1 'long long' value) and integer type 'int' of different size
    return (__m64)__builtin_ia32_psubw((__v4hi)__m1, (__v4hi)__m2);
           ^~~~~~~~~~~~~~~~~~~~~~~~~~~~~~~~~~~~~~~~~~~~~~~~~~~~~~~
fatal error: too many errors emitted, stopping now [-ferror-limit=]
20 errors generated.
make[1]: *** [CMakeFiles/cmTC_032de.dir/src.c.o] Error 1
make: *** [cmTC_032de/fast] Error 2


Source file was:

          #ifdef __MINGW32__
          #include <_mingw.h>
          #ifdef __MINGW64_VERSION_MAJOR
          #include <intrin.h>
          #else
          #include <xmmintrin.h>
          #endif
          #else
          #include <xmmintrin.h>
          #endif
          #ifndef __SSE__
          #error Assembler CPP flag not enabled
          #endif
          int main(int argc, char **argv) { return 0; }

Determining if the include file immintrin.h exists failed with the following output:
Change Dir: /Users/michaelvaden/Desktop/Projects/janus/target/debug/build/fermium-5a7a19a373d5f646/out/build/CMakeFiles/CMakeScratch/TryCompile-4YUqyt

Run Build Command(s):/usr/bin/make -f Makefile cmTC_cab8d/fast && /Applications/Xcode.app/Contents/Developer/usr/bin/make  -f CMakeFiles/cmTC_cab8d.dir/build.make CMakeFiles/cmTC_cab8d.dir/build
Building C object CMakeFiles/cmTC_cab8d.dir/CheckIncludeFile.c.o
/usr/bin/cc   -ffunction-sections -fdata-sections -fPIC -arch arm64 -idirafter "/Users/michaelvaden/.cargo/registry/src/github.com-1ecc6299db9ec823/fermium-20022.0.0/SDL2-2.0.22/src/video/khronos"  -arch arm64 -isysroot /Applications/Xcode.app/Contents/Developer/Platforms/MacOSX.platform/Developer/SDKs/MacOSX12.3.sdk -MD -MT CMakeFiles/cmTC_cab8d.dir/CheckIncludeFile.c.o -MF CMakeFiles/cmTC_cab8d.dir/CheckIncludeFile.c.o.d -o CMakeFiles/cmTC_cab8d.dir/CheckIncludeFile.c.o -c /Users/michaelvaden/Desktop/Projects/janus/target/debug/build/fermium-5a7a19a373d5f646/out/build/CMakeFiles/CMakeScratch/TryCompile-4YUqyt/CheckIncludeFile.c
In file included from /Users/michaelvaden/Desktop/Projects/janus/target/debug/build/fermium-5a7a19a373d5f646/out/build/CMakeFiles/CMakeScratch/TryCompile-4YUqyt/CheckIncludeFile.c:1:
In file included from /Applications/Xcode.app/Contents/Developer/Toolchains/XcodeDefault.xctoolchain/usr/lib/clang/13.1.6/include/immintrin.h:13:
In file included from /Applications/Xcode.app/Contents/Developer/Toolchains/XcodeDefault.xctoolchain/usr/lib/clang/13.1.6/include/x86gprintrin.h:15:
/Applications/Xcode.app/Contents/Developer/Toolchains/XcodeDefault.xctoolchain/usr/lib/clang/13.1.6/include/hresetintrin.h:42:27: error: invalid input constraint 'a' in asm
  __asm__ ("hreset $0" :: "a"(__eax));
                          ^
In file included from /Users/michaelvaden/Desktop/Projects/janus/target/debug/build/fermium-5a7a19a373d5f646/out/build/CMakeFiles/CMakeScratch/TryCompile-4YUqyt/CheckIncludeFile.c:1:
In file included from /Applications/Xcode.app/Contents/Developer/Toolchains/XcodeDefault.xctoolchain/usr/lib/clang/13.1.6/include/immintrin.h:17:
/Applications/Xcode.app/Contents/Developer/Toolchains/XcodeDefault.xctoolchain/usr/lib/clang/13.1.6/include/mmintrin.h:50:12: error: invalid conversion between vector type '__m64' (vector of 1 'long long' value) and integer type 'int' of different size
    return (__m64)__builtin_ia32_vec_init_v2si(__i, 0);
           ^~~~~~~~~~~~~~~~~~~~~~~~~~~~~~~~~~~~~~~~~~~
/Applications/Xcode.app/Contents/Developer/Toolchains/XcodeDefault.xctoolchain/usr/lib/clang/13.1.6/include/mmintrin.h:129:12: error: invalid conversion between vector type '__m64' (vector of 1 'long long' value) and integer type 'int' of different size
    return (__m64)__builtin_ia32_packsswb((__v4hi)__m1, (__v4hi)__m2);
           ^~~~~~~~~~~~~~~~~~~~~~~~~~~~~~~~~~~~~~~~~~~~~~~~~~~~~~~~~~
/Applications/Xcode.app/Contents/Developer/Toolchains/XcodeDefault.xctoolchain/usr/lib/clang/13.1.6/include/mmintrin.h:159:12: error: invalid conversion between vector type '__m64' (vector of 1 'long long' value) and integer type 'int' of different size
    return (__m64)__builtin_ia32_packssdw((__v2si)__m1, (__v2si)__m2);
           ^~~~~~~~~~~~~~~~~~~~~~~~~~~~~~~~~~~~~~~~~~~~~~~~~~~~~~~~~~
/Applications/Xcode.app/Contents/Developer/Toolchains/XcodeDefault.xctoolchain/usr/lib/clang/13.1.6/include/mmintrin.h:189:12: error: invalid conversion between vector type '__m64' (vector of 1 'long long' value) and integer type 'int' of different size
    return (__m64)__builtin_ia32_packuswb((__v4hi)__m1, (__v4hi)__m2);
           ^~~~~~~~~~~~~~~~~~~~~~~~~~~~~~~~~~~~~~~~~~~~~~~~~~~~~~~~~~
/Applications/Xcode.app/Contents/Developer/Toolchains/XcodeDefault.xctoolchain/usr/lib/clang/13.1.6/include/mmintrin.h:216:12: error: invalid conversion between vector type '__m64' (vector of 1 'long long' value) and integer type 'int' of different size
    return (__m64)__builtin_ia32_punpckhbw((__v8qi)__m1, (__v8qi)__m2);
           ^~~~~~~~~~~~~~~~~~~~~~~~~~~~~~~~~~~~~~~~~~~~~~~~~~~~~~~~~~~
/Applications/Xcode.app/Contents/Developer/Toolchains/XcodeDefault.xctoolchain/usr/lib/clang/13.1.6/include/mmintrin.h:239:12: error: invalid conversion between vector type '__m64' (vector of 1 'long long' value) and integer type 'int' of different size
    return (__m64)__builtin_ia32_punpckhwd((__v4hi)__m1, (__v4hi)__m2);
           ^~~~~~~~~~~~~~~~~~~~~~~~~~~~~~~~~~~~~~~~~~~~~~~~~~~~~~~~~~~
/Applications/Xcode.app/Contents/Developer/Toolchains/XcodeDefault.xctoolchain/usr/lib/clang/13.1.6/include/mmintrin.h:260:12: error: invalid conversion between vector type '__m64' (vector of 1 'long long' value) and integer type 'int' of different size
    return (__m64)__builtin_ia32_punpckhdq((__v2si)__m1, (__v2si)__m2);
           ^~~~~~~~~~~~~~~~~~~~~~~~~~~~~~~~~~~~~~~~~~~~~~~~~~~~~~~~~~~
/Applications/Xcode.app/Contents/Developer/Toolchains/XcodeDefault.xctoolchain/usr/lib/clang/13.1.6/include/mmintrin.h:287:12: error: invalid conversion between vector type '__m64' (vector of 1 'long long' value) and integer type 'int' of different size
    return (__m64)__builtin_ia32_punpcklbw((__v8qi)__m1, (__v8qi)__m2);
           ^~~~~~~~~~~~~~~~~~~~~~~~~~~~~~~~~~~~~~~~~~~~~~~~~~~~~~~~~~~
/Applications/Xcode.app/Contents/Developer/Toolchains/XcodeDefault.xctoolchain/usr/lib/clang/13.1.6/include/mmintrin.h:310:12: error: invalid conversion between vector type '__m64' (vector of 1 'long long' value) and integer type 'int' of different size
    return (__m64)__builtin_ia32_punpcklwd((__v4hi)__m1, (__v4hi)__m2);
           ^~~~~~~~~~~~~~~~~~~~~~~~~~~~~~~~~~~~~~~~~~~~~~~~~~~~~~~~~~~
/Applications/Xcode.app/Contents/Developer/Toolchains/XcodeDefault.xctoolchain/usr/lib/clang/13.1.6/include/mmintrin.h:331:12: error: invalid conversion between vector type '__m64' (vector of 1 'long long' value) and integer type 'int' of different size
    return (__m64)__builtin_ia32_punpckldq((__v2si)__m1, (__v2si)__m2);
           ^~~~~~~~~~~~~~~~~~~~~~~~~~~~~~~~~~~~~~~~~~~~~~~~~~~~~~~~~~~
/Applications/Xcode.app/Contents/Developer/Toolchains/XcodeDefault.xctoolchain/usr/lib/clang/13.1.6/include/mmintrin.h:352:12: error: invalid conversion between vector type '__m64' (vector of 1 'long long' value) and integer type 'int' of different size
    return (__m64)__builtin_ia32_paddb((__v8qi)__m1, (__v8qi)__m2);
           ^~~~~~~~~~~~~~~~~~~~~~~~~~~~~~~~~~~~~~~~~~~~~~~~~~~~~~~
/Applications/Xcode.app/Contents/Developer/Toolchains/XcodeDefault.xctoolchain/usr/lib/clang/13.1.6/include/mmintrin.h:373:12: error: invalid conversion between vector type '__m64' (vector of 1 'long long' value) and integer type 'int' of different size
    return (__m64)__builtin_ia32_paddw((__v4hi)__m1, (__v4hi)__m2);
           ^~~~~~~~~~~~~~~~~~~~~~~~~~~~~~~~~~~~~~~~~~~~~~~~~~~~~~~
/Applications/Xcode.app/Contents/Developer/Toolchains/XcodeDefault.xctoolchain/usr/lib/clang/13.1.6/include/mmintrin.h:394:12: error: invalid conversion between vector type '__m64' (vector of 1 'long long' value) and integer type 'int' of different size
    return (__m64)__builtin_ia32_paddd((__v2si)__m1, (__v2si)__m2);
           ^~~~~~~~~~~~~~~~~~~~~~~~~~~~~~~~~~~~~~~~~~~~~~~~~~~~~~~
/Applications/Xcode.app/Contents/Developer/Toolchains/XcodeDefault.xctoolchain/usr/lib/clang/13.1.6/include/mmintrin.h:416:12: error: invalid conversion between vector type '__m64' (vector of 1 'long long' value) and integer type 'int' of different size
    return (__m64)__builtin_ia32_paddsb((__v8qi)__m1, (__v8qi)__m2);
           ^~~~~~~~~~~~~~~~~~~~~~~~~~~~~~~~~~~~~~~~~~~~~~~~~~~~~~~~
/Applications/Xcode.app/Contents/Developer/Toolchains/XcodeDefault.xctoolchain/usr/lib/clang/13.1.6/include/mmintrin.h:439:12: error: invalid conversion between vector type '__m64' (vector of 1 'long long' value) and integer type 'int' of different size
    return (__m64)__builtin_ia32_paddsw((__v4hi)__m1, (__v4hi)__m2);
           ^~~~~~~~~~~~~~~~~~~~~~~~~~~~~~~~~~~~~~~~~~~~~~~~~~~~~~~~
/Applications/Xcode.app/Contents/Developer/Toolchains/XcodeDefault.xctoolchain/usr/lib/clang/13.1.6/include/mmintrin.h:461:12: error: invalid conversion between vector type '__m64' (vector of 1 'long long' value) and integer type 'int' of different size
    return (__m64)__builtin_ia32_paddusb((__v8qi)__m1, (__v8qi)__m2);
           ^~~~~~~~~~~~~~~~~~~~~~~~~~~~~~~~~~~~~~~~~~~~~~~~~~~~~~~~~
/Applications/Xcode.app/Contents/Developer/Toolchains/XcodeDefault.xctoolchain/usr/lib/clang/13.1.6/include/mmintrin.h:483:12: error: invalid conversion between vector type '__m64' (vector of 1 'long long' value) and integer type 'int' of different size
    return (__m64)__builtin_ia32_paddusw((__v4hi)__m1, (__v4hi)__m2);
           ^~~~~~~~~~~~~~~~~~~~~~~~~~~~~~~~~~~~~~~~~~~~~~~~~~~~~~~~~
/Applications/Xcode.app/Contents/Developer/Toolchains/XcodeDefault.xctoolchain/usr/lib/clang/13.1.6/include/mmintrin.h:504:12: error: invalid conversion between vector type '__m64' (vector of 1 'long long' value) and integer type 'int' of different size
    return (__m64)__builtin_ia32_psubb((__v8qi)__m1, (__v8qi)__m2);
           ^~~~~~~~~~~~~~~~~~~~~~~~~~~~~~~~~~~~~~~~~~~~~~~~~~~~~~~
fatal error: too many errors emitted, stopping now [-ferror-limit=]
20 errors generated.
make[1]: *** [CMakeFiles/cmTC_cab8d.dir/CheckIncludeFile.c.o] Error 1
make: *** [cmTC_cab8d/fast] Error 2



Performing C SOURCE FILE Test HAVE_ALTIVEC_H_HDR failed with the following output:
Change Dir: /Users/michaelvaden/Desktop/Projects/janus/target/debug/build/fermium-5a7a19a373d5f646/out/build/CMakeFiles/CMakeScratch/TryCompile-9AVllO

Run Build Command(s):/usr/bin/make -f Makefile cmTC_15dcc/fast && /Applications/Xcode.app/Contents/Developer/usr/bin/make  -f CMakeFiles/cmTC_15dcc.dir/build.make CMakeFiles/cmTC_15dcc.dir/build
Building C object CMakeFiles/cmTC_15dcc.dir/src.c.o
/usr/bin/cc -DHAVE_ALTIVEC_H_HDR  -ffunction-sections -fdata-sections -fPIC -arch arm64 -idirafter "/Users/michaelvaden/.cargo/registry/src/github.com-1ecc6299db9ec823/fermium-20022.0.0/SDL2-2.0.22/src/video/khronos" -maltivec -arch arm64 -isysroot /Applications/Xcode.app/Contents/Developer/Platforms/MacOSX.platform/Developer/SDKs/MacOSX12.3.sdk -MD -MT CMakeFiles/cmTC_15dcc.dir/src.c.o -MF CMakeFiles/cmTC_15dcc.dir/src.c.o.d -o CMakeFiles/cmTC_15dcc.dir/src.c.o -c /Users/michaelvaden/Desktop/Projects/janus/target/debug/build/fermium-5a7a19a373d5f646/out/build/CMakeFiles/CMakeScratch/TryCompile-9AVllO/src.c
clang: warning: argument unused during compilation: '-maltivec' [-Wunused-command-line-argument]
In file included from /Users/michaelvaden/Desktop/Projects/janus/target/debug/build/fermium-5a7a19a373d5f646/out/build/CMakeFiles/CMakeScratch/TryCompile-9AVllO/src.c:2:
/Applications/Xcode.app/Contents/Developer/Toolchains/XcodeDefault.xctoolchain/usr/lib/clang/13.1.6/include/altivec.h:13:2: error: "AltiVec support not enabled"
#error "AltiVec support not enabled"
 ^
/Applications/Xcode.app/Contents/Developer/Toolchains/XcodeDefault.xctoolchain/usr/lib/clang/13.1.6/include/altivec.h:46:19: error: unknown type name 'vector'
static __inline__ vector signed char __ATTRS_o_ai vec_perm(
                  ^
/Applications/Xcode.app/Contents/Developer/Toolchains/XcodeDefault.xctoolchain/usr/lib/clang/13.1.6/include/altivec.h:47:5: error: unknown type name 'vector'
    vector signed char __a, vector signed char __b, vector unsigned char __c);
    ^
/Applications/Xcode.app/Contents/Developer/Toolchains/XcodeDefault.xctoolchain/usr/lib/clang/13.1.6/include/altivec.h:47:29: error: unknown type name 'vector'
    vector signed char __a, vector signed char __b, vector unsigned char __c);
                            ^
/Applications/Xcode.app/Contents/Developer/Toolchains/XcodeDefault.xctoolchain/usr/lib/clang/13.1.6/include/altivec.h:47:53: error: unknown type name 'vector'
    vector signed char __a, vector signed char __b, vector unsigned char __c);
                                                    ^
/Applications/Xcode.app/Contents/Developer/Toolchains/XcodeDefault.xctoolchain/usr/lib/clang/13.1.6/include/altivec.h:49:19: error: unknown type name 'vector'
static __inline__ vector unsigned char __ATTRS_o_ai
                  ^
/Applications/Xcode.app/Contents/Developer/Toolchains/XcodeDefault.xctoolchain/usr/lib/clang/13.1.6/include/altivec.h:50:10: error: unknown type name 'vector'
vec_perm(vector unsigned char __a, vector unsigned char __b,
         ^
/Applications/Xcode.app/Contents/Developer/Toolchains/XcodeDefault.xctoolchain/usr/lib/clang/13.1.6/include/altivec.h:50:36: error: unknown type name 'vector'
vec_perm(vector unsigned char __a, vector unsigned char __b,
                                   ^
/Applications/Xcode.app/Contents/Developer/Toolchains/XcodeDefault.xctoolchain/usr/lib/clang/13.1.6/include/altivec.h:51:10: error: unknown type name 'vector'
         vector unsigned char __c);
         ^
/Applications/Xcode.app/Contents/Developer/Toolchains/XcodeDefault.xctoolchain/usr/lib/clang/13.1.6/include/altivec.h:53:19: error: unknown type name 'vector'
static __inline__ vector bool char __ATTRS_o_ai
                  ^
/Applications/Xcode.app/Contents/Developer/Toolchains/XcodeDefault.xctoolchain/usr/lib/clang/13.1.6/include/altivec.h:53:8: error: 'inline' can only appear on functions
static __inline__ vector bool char __ATTRS_o_ai
       ^
/Applications/Xcode.app/Contents/Developer/Toolchains/XcodeDefault.xctoolchain/usr/lib/clang/13.1.6/include/altivec.h:53:30: error: expected ';' after top level declarator
static __inline__ vector bool char __ATTRS_o_ai
                             ^
/Applications/Xcode.app/Contents/Developer/Toolchains/XcodeDefault.xctoolchain/usr/lib/clang/13.1.6/include/altivec.h:54:10: error: unknown type name 'vector'
vec_perm(vector bool char __a, vector bool char __b, vector unsigned char __c);
         ^
/Applications/Xcode.app/Contents/Developer/Toolchains/XcodeDefault.xctoolchain/usr/lib/clang/13.1.6/include/altivec.h:54:22: error: expected ')'
vec_perm(vector bool char __a, vector bool char __b, vector unsigned char __c);
                     ^
/Applications/Xcode.app/Contents/Developer/Toolchains/XcodeDefault.xctoolchain/usr/lib/clang/13.1.6/include/altivec.h:54:9: note: to match this '('
vec_perm(vector bool char __a, vector bool char __b, vector unsigned char __c);
        ^
/Applications/Xcode.app/Contents/Developer/Toolchains/XcodeDefault.xctoolchain/usr/lib/clang/13.1.6/include/altivec.h:56:19: error: unknown type name 'vector'
static __inline__ vector short __ATTRS_o_ai vec_perm(vector signed short __a,
                  ^
/Applications/Xcode.app/Contents/Developer/Toolchains/XcodeDefault.xctoolchain/usr/lib/clang/13.1.6/include/altivec.h:56:54: error: unknown type name 'vector'
static __inline__ vector short __ATTRS_o_ai vec_perm(vector signed short __a,
                                                     ^
/Applications/Xcode.app/Contents/Developer/Toolchains/XcodeDefault.xctoolchain/usr/lib/clang/13.1.6/include/altivec.h:57:54: error: unknown type name 'vector'
                                                     vector signed short __b,
                                                     ^
/Applications/Xcode.app/Contents/Developer/Toolchains/XcodeDefault.xctoolchain/usr/lib/clang/13.1.6/include/altivec.h:58:54: error: unknown type name 'vector'
                                                     vector unsigned char __c);
                                                     ^
/Applications/Xcode.app/Contents/Developer/Toolchains/XcodeDefault.xctoolchain/usr/lib/clang/13.1.6/include/altivec.h:60:19: error: unknown type name 'vector'
static __inline__ vector unsigned short __ATTRS_o_ai
                  ^
fatal error: too many errors emitted, stopping now [-ferror-limit=]
20 errors generated.
make[1]: *** [CMakeFiles/cmTC_15dcc.dir/src.c.o] Error 1
make: *** [cmTC_15dcc/fast] Error 2


Source file was:

          #include <altivec.h>
          vector unsigned int vzero() {
              return vec_splat_u32(0);
          }
          int main(int argc, char **argv) { return 0; }

Performing C SOURCE FILE Test HAVE_ALTIVEC failed with the following output:
Change Dir: /Users/michaelvaden/Desktop/Projects/janus/target/debug/build/fermium-5a7a19a373d5f646/out/build/CMakeFiles/CMakeScratch/TryCompile-7yFd2L

Run Build Command(s):/usr/bin/make -f Makefile cmTC_a0b76/fast && /Applications/Xcode.app/Contents/Developer/usr/bin/make  -f CMakeFiles/cmTC_a0b76.dir/build.make CMakeFiles/cmTC_a0b76.dir/build
Building C object CMakeFiles/cmTC_a0b76.dir/src.c.o
/usr/bin/cc -DHAVE_ALTIVEC  -ffunction-sections -fdata-sections -fPIC -arch arm64 -idirafter "/Users/michaelvaden/.cargo/registry/src/github.com-1ecc6299db9ec823/fermium-20022.0.0/SDL2-2.0.22/src/video/khronos" -maltivec -arch arm64 -isysroot /Applications/Xcode.app/Contents/Developer/Platforms/MacOSX.platform/Developer/SDKs/MacOSX12.3.sdk -MD -MT CMakeFiles/cmTC_a0b76.dir/src.c.o -MF CMakeFiles/cmTC_a0b76.dir/src.c.o.d -o CMakeFiles/cmTC_a0b76.dir/src.c.o -c /Users/michaelvaden/Desktop/Projects/janus/target/debug/build/fermium-5a7a19a373d5f646/out/build/CMakeFiles/CMakeScratch/TryCompile-7yFd2L/src.c
clang: warning: argument unused during compilation: '-maltivec' [-Wunused-command-line-argument]
/Users/michaelvaden/Desktop/Projects/janus/target/debug/build/fermium-5a7a19a373d5f646/out/build/CMakeFiles/CMakeScratch/TryCompile-7yFd2L/src.c:2:11: error: unknown type name 'vector'
          vector unsigned int vzero() {
          ^
/Users/michaelvaden/Desktop/Projects/janus/target/debug/build/fermium-5a7a19a373d5f646/out/build/CMakeFiles/CMakeScratch/TryCompile-7yFd2L/src.c:3:22: error: implicit declaration of function 'vec_splat_u32' is invalid in C99 [-Werror,-Wimplicit-function-declaration]
              return vec_splat_u32(0);
                     ^
2 errors generated.
make[1]: *** [CMakeFiles/cmTC_a0b76.dir/src.c.o] Error 1
make: *** [cmTC_a0b76/fast] Error 2


Source file was:

          vector unsigned int vzero() {
              return vec_splat_u32(0);
          }
          int main(int argc, char **argv) { return 0; }

Determining if the include file malloc.h exists failed with the following output:
Change Dir: /Users/michaelvaden/Desktop/Projects/janus/target/debug/build/fermium-5a7a19a373d5f646/out/build/CMakeFiles/CMakeScratch/TryCompile-ldjFld

Run Build Command(s):/usr/bin/make -f Makefile cmTC_09efa/fast && /Applications/Xcode.app/Contents/Developer/usr/bin/make  -f CMakeFiles/cmTC_09efa.dir/build.make CMakeFiles/cmTC_09efa.dir/build
Building C object CMakeFiles/cmTC_09efa.dir/CheckIncludeFile.c.o
/usr/bin/cc   -ffunction-sections -fdata-sections -fPIC -arch arm64 -idirafter "/Users/michaelvaden/.cargo/registry/src/github.com-1ecc6299db9ec823/fermium-20022.0.0/SDL2-2.0.22/src/video/khronos"  -arch arm64 -isysroot /Applications/Xcode.app/Contents/Developer/Platforms/MacOSX.platform/Developer/SDKs/MacOSX12.3.sdk -MD -MT CMakeFiles/cmTC_09efa.dir/CheckIncludeFile.c.o -MF CMakeFiles/cmTC_09efa.dir/CheckIncludeFile.c.o.d -o CMakeFiles/cmTC_09efa.dir/CheckIncludeFile.c.o -c /Users/michaelvaden/Desktop/Projects/janus/target/debug/build/fermium-5a7a19a373d5f646/out/build/CMakeFiles/CMakeScratch/TryCompile-ldjFld/CheckIncludeFile.c
/Users/michaelvaden/Desktop/Projects/janus/target/debug/build/fermium-5a7a19a373d5f646/out/build/CMakeFiles/CMakeScratch/TryCompile-ldjFld/CheckIncludeFile.c:1:10: fatal error: 'malloc.h' file not found
#include <malloc.h>
         ^~~~~~~~~~
1 error generated.
make[1]: *** [CMakeFiles/cmTC_09efa.dir/CheckIncludeFile.c.o] Error 1
make: *** [cmTC_09efa/fast] Error 2



Determining if the _strrev exist failed with the following output:
Change Dir: /Users/michaelvaden/Desktop/Projects/janus/target/debug/build/fermium-5a7a19a373d5f646/out/build/CMakeFiles/CMakeScratch/TryCompile-DDayjc

Run Build Command(s):/usr/bin/make -f Makefile cmTC_d3cf4/fast && /Applications/Xcode.app/Contents/Developer/usr/bin/make  -f CMakeFiles/cmTC_d3cf4.dir/build.make CMakeFiles/cmTC_d3cf4.dir/build
Building C object CMakeFiles/cmTC_d3cf4.dir/CheckSymbolExists.c.o
/usr/bin/cc   -ffunction-sections -fdata-sections -fPIC -arch arm64 -idirafter "/Users/michaelvaden/.cargo/registry/src/github.com-1ecc6299db9ec823/fermium-20022.0.0/SDL2-2.0.22/src/video/khronos"  -arch arm64 -isysroot /Applications/Xcode.app/Contents/Developer/Platforms/MacOSX.platform/Developer/SDKs/MacOSX12.3.sdk -MD -MT CMakeFiles/cmTC_d3cf4.dir/CheckSymbolExists.c.o -MF CMakeFiles/cmTC_d3cf4.dir/CheckSymbolExists.c.o.d -o CMakeFiles/cmTC_d3cf4.dir/CheckSymbolExists.c.o -c /Users/michaelvaden/Desktop/Projects/janus/target/debug/build/fermium-5a7a19a373d5f646/out/build/CMakeFiles/CMakeScratch/TryCompile-DDayjc/CheckSymbolExists.c
/Users/michaelvaden/Desktop/Projects/janus/target/debug/build/fermium-5a7a19a373d5f646/out/build/CMakeFiles/CMakeScratch/TryCompile-DDayjc/CheckSymbolExists.c:14:19: error: use of undeclared identifier '_strrev'
  return ((int*)(&_strrev))[argc];
                  ^
1 error generated.
make[1]: *** [CMakeFiles/cmTC_d3cf4.dir/CheckSymbolExists.c.o] Error 1
make: *** [cmTC_d3cf4/fast] Error 2


File CheckSymbolExists.c:
/* */
#include <stddef.h>
#include <stdarg.h>
#include <stdlib.h>
#include <string.h>
#include <stdio.h>
#include <wchar.h>
#include <float.h>

int main(int argc, char** argv)
{
  (void)argv;
#ifndef _strrev
  return ((int*)(&_strrev))[argc];
#else
  (void)argc;
  return 0;
#endif
}
Determining if the _strupr exist failed with the following output:
Change Dir: /Users/michaelvaden/Desktop/Projects/janus/target/debug/build/fermium-5a7a19a373d5f646/out/build/CMakeFiles/CMakeScratch/TryCompile-wBpW97

Run Build Command(s):/usr/bin/make -f Makefile cmTC_d6980/fast && /Applications/Xcode.app/Contents/Developer/usr/bin/make  -f CMakeFiles/cmTC_d6980.dir/build.make CMakeFiles/cmTC_d6980.dir/build
Building C object CMakeFiles/cmTC_d6980.dir/CheckSymbolExists.c.o
/usr/bin/cc   -ffunction-sections -fdata-sections -fPIC -arch arm64 -idirafter "/Users/michaelvaden/.cargo/registry/src/github.com-1ecc6299db9ec823/fermium-20022.0.0/SDL2-2.0.22/src/video/khronos"  -arch arm64 -isysroot /Applications/Xcode.app/Contents/Developer/Platforms/MacOSX.platform/Developer/SDKs/MacOSX12.3.sdk -MD -MT CMakeFiles/cmTC_d6980.dir/CheckSymbolExists.c.o -MF CMakeFiles/cmTC_d6980.dir/CheckSymbolExists.c.o.d -o CMakeFiles/cmTC_d6980.dir/CheckSymbolExists.c.o -c /Users/michaelvaden/Desktop/Projects/janus/target/debug/build/fermium-5a7a19a373d5f646/out/build/CMakeFiles/CMakeScratch/TryCompile-wBpW97/CheckSymbolExists.c
/Users/michaelvaden/Desktop/Projects/janus/target/debug/build/fermium-5a7a19a373d5f646/out/build/CMakeFiles/CMakeScratch/TryCompile-wBpW97/CheckSymbolExists.c:14:19: error: use of undeclared identifier '_strupr'
  return ((int*)(&_strupr))[argc];
                  ^
1 error generated.
make[1]: *** [CMakeFiles/cmTC_d6980.dir/CheckSymbolExists.c.o] Error 1
make: *** [cmTC_d6980/fast] Error 2


File CheckSymbolExists.c:
/* */
#include <stddef.h>
#include <stdarg.h>
#include <stdlib.h>
#include <string.h>
#include <stdio.h>
#include <wchar.h>
#include <float.h>

int main(int argc, char** argv)
{
  (void)argv;
#ifndef _strupr
  return ((int*)(&_strupr))[argc];
#else
  (void)argc;
  return 0;
#endif
}
Determining if the _strlwr exist failed with the following output:
Change Dir: /Users/michaelvaden/Desktop/Projects/janus/target/debug/build/fermium-5a7a19a373d5f646/out/build/CMakeFiles/CMakeScratch/TryCompile-tLDUSl

Run Build Command(s):/usr/bin/make -f Makefile cmTC_e3ae3/fast && /Applications/Xcode.app/Contents/Developer/usr/bin/make  -f CMakeFiles/cmTC_e3ae3.dir/build.make CMakeFiles/cmTC_e3ae3.dir/build
Building C object CMakeFiles/cmTC_e3ae3.dir/CheckSymbolExists.c.o
/usr/bin/cc   -ffunction-sections -fdata-sections -fPIC -arch arm64 -idirafter "/Users/michaelvaden/.cargo/registry/src/github.com-1ecc6299db9ec823/fermium-20022.0.0/SDL2-2.0.22/src/video/khronos"  -arch arm64 -isysroot /Applications/Xcode.app/Contents/Developer/Platforms/MacOSX.platform/Developer/SDKs/MacOSX12.3.sdk -MD -MT CMakeFiles/cmTC_e3ae3.dir/CheckSymbolExists.c.o -MF CMakeFiles/cmTC_e3ae3.dir/CheckSymbolExists.c.o.d -o CMakeFiles/cmTC_e3ae3.dir/CheckSymbolExists.c.o -c /Users/michaelvaden/Desktop/Projects/janus/target/debug/build/fermium-5a7a19a373d5f646/out/build/CMakeFiles/CMakeScratch/TryCompile-tLDUSl/CheckSymbolExists.c
/Users/michaelvaden/Desktop/Projects/janus/target/debug/build/fermium-5a7a19a373d5f646/out/build/CMakeFiles/CMakeScratch/TryCompile-tLDUSl/CheckSymbolExists.c:14:19: error: use of undeclared identifier '_strlwr'
  return ((int*)(&_strlwr))[argc];
                  ^
1 error generated.
make[1]: *** [CMakeFiles/cmTC_e3ae3.dir/CheckSymbolExists.c.o] Error 1
make: *** [cmTC_e3ae3/fast] Error 2


File CheckSymbolExists.c:
/* */
#include <stddef.h>
#include <stdarg.h>
#include <stdlib.h>
#include <string.h>
#include <stdio.h>
#include <wchar.h>
#include <float.h>

int main(int argc, char** argv)
{
  (void)argv;
#ifndef _strlwr
  return ((int*)(&_strlwr))[argc];
#else
  (void)argc;
  return 0;
#endif
}
Determining if the itoa exist failed with the following output:
Change Dir: /Users/michaelvaden/Desktop/Projects/janus/target/debug/build/fermium-5a7a19a373d5f646/out/build/CMakeFiles/CMakeScratch/TryCompile-3D0Mpk

Run Build Command(s):/usr/bin/make -f Makefile cmTC_4e889/fast && /Applications/Xcode.app/Contents/Developer/usr/bin/make  -f CMakeFiles/cmTC_4e889.dir/build.make CMakeFiles/cmTC_4e889.dir/build
Building C object CMakeFiles/cmTC_4e889.dir/CheckSymbolExists.c.o
/usr/bin/cc   -ffunction-sections -fdata-sections -fPIC -arch arm64 -idirafter "/Users/michaelvaden/.cargo/registry/src/github.com-1ecc6299db9ec823/fermium-20022.0.0/SDL2-2.0.22/src/video/khronos"  -arch arm64 -isysroot /Applications/Xcode.app/Contents/Developer/Platforms/MacOSX.platform/Developer/SDKs/MacOSX12.3.sdk -MD -MT CMakeFiles/cmTC_4e889.dir/CheckSymbolExists.c.o -MF CMakeFiles/cmTC_4e889.dir/CheckSymbolExists.c.o.d -o CMakeFiles/cmTC_4e889.dir/CheckSymbolExists.c.o -c /Users/michaelvaden/Desktop/Projects/janus/target/debug/build/fermium-5a7a19a373d5f646/out/build/CMakeFiles/CMakeScratch/TryCompile-3D0Mpk/CheckSymbolExists.c
/Users/michaelvaden/Desktop/Projects/janus/target/debug/build/fermium-5a7a19a373d5f646/out/build/CMakeFiles/CMakeScratch/TryCompile-3D0Mpk/CheckSymbolExists.c:14:19: error: use of undeclared identifier 'itoa'
  return ((int*)(&itoa))[argc];
                  ^
1 error generated.
make[1]: *** [CMakeFiles/cmTC_4e889.dir/CheckSymbolExists.c.o] Error 1
make: *** [cmTC_4e889/fast] Error 2


File CheckSymbolExists.c:
/* */
#include <stddef.h>
#include <stdarg.h>
#include <stdlib.h>
#include <string.h>
#include <stdio.h>
#include <wchar.h>
#include <float.h>

int main(int argc, char** argv)
{
  (void)argv;
#ifndef itoa
  return ((int*)(&itoa))[argc];
#else
  (void)argc;
  return 0;
#endif
}
Determining if the _ltoa exist failed with the following output:
Change Dir: /Users/michaelvaden/Desktop/Projects/janus/target/debug/build/fermium-5a7a19a373d5f646/out/build/CMakeFiles/CMakeScratch/TryCompile-h86apA

Run Build Command(s):/usr/bin/make -f Makefile cmTC_b3c4c/fast && /Applications/Xcode.app/Contents/Developer/usr/bin/make  -f CMakeFiles/cmTC_b3c4c.dir/build.make CMakeFiles/cmTC_b3c4c.dir/build
Building C object CMakeFiles/cmTC_b3c4c.dir/CheckSymbolExists.c.o
/usr/bin/cc   -ffunction-sections -fdata-sections -fPIC -arch arm64 -idirafter "/Users/michaelvaden/.cargo/registry/src/github.com-1ecc6299db9ec823/fermium-20022.0.0/SDL2-2.0.22/src/video/khronos"  -arch arm64 -isysroot /Applications/Xcode.app/Contents/Developer/Platforms/MacOSX.platform/Developer/SDKs/MacOSX12.3.sdk -MD -MT CMakeFiles/cmTC_b3c4c.dir/CheckSymbolExists.c.o -MF CMakeFiles/cmTC_b3c4c.dir/CheckSymbolExists.c.o.d -o CMakeFiles/cmTC_b3c4c.dir/CheckSymbolExists.c.o -c /Users/michaelvaden/Desktop/Projects/janus/target/debug/build/fermium-5a7a19a373d5f646/out/build/CMakeFiles/CMakeScratch/TryCompile-h86apA/CheckSymbolExists.c
/Users/michaelvaden/Desktop/Projects/janus/target/debug/build/fermium-5a7a19a373d5f646/out/build/CMakeFiles/CMakeScratch/TryCompile-h86apA/CheckSymbolExists.c:14:19: error: use of undeclared identifier '_ltoa'
  return ((int*)(&_ltoa))[argc];
                  ^
1 error generated.
make[1]: *** [CMakeFiles/cmTC_b3c4c.dir/CheckSymbolExists.c.o] Error 1
make: *** [cmTC_b3c4c/fast] Error 2


File CheckSymbolExists.c:
/* */
#include <stddef.h>
#include <stdarg.h>
#include <stdlib.h>
#include <string.h>
#include <stdio.h>
#include <wchar.h>
#include <float.h>

int main(int argc, char** argv)
{
  (void)argv;
#ifndef _ltoa
  return ((int*)(&_ltoa))[argc];
#else
  (void)argc;
  return 0;
#endif
}
Determining if the _uitoa exist failed with the following output:
Change Dir: /Users/michaelvaden/Desktop/Projects/janus/target/debug/build/fermium-5a7a19a373d5f646/out/build/CMakeFiles/CMakeScratch/TryCompile-ERkFP2

Run Build Command(s):/usr/bin/make -f Makefile cmTC_9a9e8/fast && /Applications/Xcode.app/Contents/Developer/usr/bin/make  -f CMakeFiles/cmTC_9a9e8.dir/build.make CMakeFiles/cmTC_9a9e8.dir/build
Building C object CMakeFiles/cmTC_9a9e8.dir/CheckSymbolExists.c.o
/usr/bin/cc   -ffunction-sections -fdata-sections -fPIC -arch arm64 -idirafter "/Users/michaelvaden/.cargo/registry/src/github.com-1ecc6299db9ec823/fermium-20022.0.0/SDL2-2.0.22/src/video/khronos"  -arch arm64 -isysroot /Applications/Xcode.app/Contents/Developer/Platforms/MacOSX.platform/Developer/SDKs/MacOSX12.3.sdk -MD -MT CMakeFiles/cmTC_9a9e8.dir/CheckSymbolExists.c.o -MF CMakeFiles/cmTC_9a9e8.dir/CheckSymbolExists.c.o.d -o CMakeFiles/cmTC_9a9e8.dir/CheckSymbolExists.c.o -c /Users/michaelvaden/Desktop/Projects/janus/target/debug/build/fermium-5a7a19a373d5f646/out/build/CMakeFiles/CMakeScratch/TryCompile-ERkFP2/CheckSymbolExists.c
/Users/michaelvaden/Desktop/Projects/janus/target/debug/build/fermium-5a7a19a373d5f646/out/build/CMakeFiles/CMakeScratch/TryCompile-ERkFP2/CheckSymbolExists.c:14:19: error: use of undeclared identifier '_uitoa'
  return ((int*)(&_uitoa))[argc];
                  ^
1 error generated.
make[1]: *** [CMakeFiles/cmTC_9a9e8.dir/CheckSymbolExists.c.o] Error 1
make: *** [cmTC_9a9e8/fast] Error 2


File CheckSymbolExists.c:
/* */
#include <stddef.h>
#include <stdarg.h>
#include <stdlib.h>
#include <string.h>
#include <stdio.h>
#include <wchar.h>
#include <float.h>

int main(int argc, char** argv)
{
  (void)argv;
#ifndef _uitoa
  return ((int*)(&_uitoa))[argc];
#else
  (void)argc;
  return 0;
#endif
}
Determining if the _ultoa exist failed with the following output:
Change Dir: /Users/michaelvaden/Desktop/Projects/janus/target/debug/build/fermium-5a7a19a373d5f646/out/build/CMakeFiles/CMakeScratch/TryCompile-7cG72e

Run Build Command(s):/usr/bin/make -f Makefile cmTC_06f9e/fast && /Applications/Xcode.app/Contents/Developer/usr/bin/make  -f CMakeFiles/cmTC_06f9e.dir/build.make CMakeFiles/cmTC_06f9e.dir/build
Building C object CMakeFiles/cmTC_06f9e.dir/CheckSymbolExists.c.o
/usr/bin/cc   -ffunction-sections -fdata-sections -fPIC -arch arm64 -idirafter "/Users/michaelvaden/.cargo/registry/src/github.com-1ecc6299db9ec823/fermium-20022.0.0/SDL2-2.0.22/src/video/khronos"  -arch arm64 -isysroot /Applications/Xcode.app/Contents/Developer/Platforms/MacOSX.platform/Developer/SDKs/MacOSX12.3.sdk -MD -MT CMakeFiles/cmTC_06f9e.dir/CheckSymbolExists.c.o -MF CMakeFiles/cmTC_06f9e.dir/CheckSymbolExists.c.o.d -o CMakeFiles/cmTC_06f9e.dir/CheckSymbolExists.c.o -c /Users/michaelvaden/Desktop/Projects/janus/target/debug/build/fermium-5a7a19a373d5f646/out/build/CMakeFiles/CMakeScratch/TryCompile-7cG72e/CheckSymbolExists.c
/Users/michaelvaden/Desktop/Projects/janus/target/debug/build/fermium-5a7a19a373d5f646/out/build/CMakeFiles/CMakeScratch/TryCompile-7cG72e/CheckSymbolExists.c:14:19: error: use of undeclared identifier '_ultoa'
  return ((int*)(&_ultoa))[argc];
                  ^
1 error generated.
make[1]: *** [CMakeFiles/cmTC_06f9e.dir/CheckSymbolExists.c.o] Error 1
make: *** [cmTC_06f9e/fast] Error 2


File CheckSymbolExists.c:
/* */
#include <stddef.h>
#include <stdarg.h>
#include <stdlib.h>
#include <string.h>
#include <stdio.h>
#include <wchar.h>
#include <float.h>

int main(int argc, char** argv)
{
  (void)argv;
#ifndef _ultoa
  return ((int*)(&_ultoa))[argc];
#else
  (void)argc;
  return 0;
#endif
}
Determining if the _i64toa exist failed with the following output:
Change Dir: /Users/michaelvaden/Desktop/Projects/janus/target/debug/build/fermium-5a7a19a373d5f646/out/build/CMakeFiles/CMakeScratch/TryCompile-liL7bM

Run Build Command(s):/usr/bin/make -f Makefile cmTC_e9956/fast && /Applications/Xcode.app/Contents/Developer/usr/bin/make  -f CMakeFiles/cmTC_e9956.dir/build.make CMakeFiles/cmTC_e9956.dir/build
Building C object CMakeFiles/cmTC_e9956.dir/CheckSymbolExists.c.o
/usr/bin/cc   -ffunction-sections -fdata-sections -fPIC -arch arm64 -idirafter "/Users/michaelvaden/.cargo/registry/src/github.com-1ecc6299db9ec823/fermium-20022.0.0/SDL2-2.0.22/src/video/khronos"  -arch arm64 -isysroot /Applications/Xcode.app/Contents/Developer/Platforms/MacOSX.platform/Developer/SDKs/MacOSX12.3.sdk -MD -MT CMakeFiles/cmTC_e9956.dir/CheckSymbolExists.c.o -MF CMakeFiles/cmTC_e9956.dir/CheckSymbolExists.c.o.d -o CMakeFiles/cmTC_e9956.dir/CheckSymbolExists.c.o -c /Users/michaelvaden/Desktop/Projects/janus/target/debug/build/fermium-5a7a19a373d5f646/out/build/CMakeFiles/CMakeScratch/TryCompile-liL7bM/CheckSymbolExists.c
/Users/michaelvaden/Desktop/Projects/janus/target/debug/build/fermium-5a7a19a373d5f646/out/build/CMakeFiles/CMakeScratch/TryCompile-liL7bM/CheckSymbolExists.c:14:19: error: use of undeclared identifier '_i64toa'
  return ((int*)(&_i64toa))[argc];
                  ^
1 error generated.
make[1]: *** [CMakeFiles/cmTC_e9956.dir/CheckSymbolExists.c.o] Error 1
make: *** [cmTC_e9956/fast] Error 2


File CheckSymbolExists.c:
/* */
#include <stddef.h>
#include <stdarg.h>
#include <stdlib.h>
#include <string.h>
#include <stdio.h>
#include <wchar.h>
#include <float.h>

int main(int argc, char** argv)
{
  (void)argv;
#ifndef _i64toa
  return ((int*)(&_i64toa))[argc];
#else
  (void)argc;
  return 0;
#endif
}
Determining if the _ui64toa exist failed with the following output:
Change Dir: /Users/michaelvaden/Desktop/Projects/janus/target/debug/build/fermium-5a7a19a373d5f646/out/build/CMakeFiles/CMakeScratch/TryCompile-hJyI5S

Run Build Command(s):/usr/bin/make -f Makefile cmTC_d5fa6/fast && /Applications/Xcode.app/Contents/Developer/usr/bin/make  -f CMakeFiles/cmTC_d5fa6.dir/build.make CMakeFiles/cmTC_d5fa6.dir/build
Building C object CMakeFiles/cmTC_d5fa6.dir/CheckSymbolExists.c.o
/usr/bin/cc   -ffunction-sections -fdata-sections -fPIC -arch arm64 -idirafter "/Users/michaelvaden/.cargo/registry/src/github.com-1ecc6299db9ec823/fermium-20022.0.0/SDL2-2.0.22/src/video/khronos"  -arch arm64 -isysroot /Applications/Xcode.app/Contents/Developer/Platforms/MacOSX.platform/Developer/SDKs/MacOSX12.3.sdk -MD -MT CMakeFiles/cmTC_d5fa6.dir/CheckSymbolExists.c.o -MF CMakeFiles/cmTC_d5fa6.dir/CheckSymbolExists.c.o.d -o CMakeFiles/cmTC_d5fa6.dir/CheckSymbolExists.c.o -c /Users/michaelvaden/Desktop/Projects/janus/target/debug/build/fermium-5a7a19a373d5f646/out/build/CMakeFiles/CMakeScratch/TryCompile-hJyI5S/CheckSymbolExists.c
/Users/michaelvaden/Desktop/Projects/janus/target/debug/build/fermium-5a7a19a373d5f646/out/build/CMakeFiles/CMakeScratch/TryCompile-hJyI5S/CheckSymbolExists.c:14:19: error: use of undeclared identifier '_ui64toa'
  return ((int*)(&_ui64toa))[argc];
                  ^
1 error generated.
make[1]: *** [CMakeFiles/cmTC_d5fa6.dir/CheckSymbolExists.c.o] Error 1
make: *** [cmTC_d5fa6/fast] Error 2


File CheckSymbolExists.c:
/* */
#include <stddef.h>
#include <stdarg.h>
#include <stdlib.h>
#include <string.h>
#include <stdio.h>
#include <wchar.h>
#include <float.h>

int main(int argc, char** argv)
{
  (void)argv;
#ifndef _ui64toa
  return ((int*)(&_ui64toa))[argc];
#else
  (void)argc;
  return 0;
#endif
}
Determining if the _stricmp exist failed with the following output:
Change Dir: /Users/michaelvaden/Desktop/Projects/janus/target/debug/build/fermium-5a7a19a373d5f646/out/build/CMakeFiles/CMakeScratch/TryCompile-Oju09r

Run Build Command(s):/usr/bin/make -f Makefile cmTC_a84bb/fast && /Applications/Xcode.app/Contents/Developer/usr/bin/make  -f CMakeFiles/cmTC_a84bb.dir/build.make CMakeFiles/cmTC_a84bb.dir/build
Building C object CMakeFiles/cmTC_a84bb.dir/CheckSymbolExists.c.o
/usr/bin/cc   -ffunction-sections -fdata-sections -fPIC -arch arm64 -idirafter "/Users/michaelvaden/.cargo/registry/src/github.com-1ecc6299db9ec823/fermium-20022.0.0/SDL2-2.0.22/src/video/khronos"  -arch arm64 -isysroot /Applications/Xcode.app/Contents/Developer/Platforms/MacOSX.platform/Developer/SDKs/MacOSX12.3.sdk -MD -MT CMakeFiles/cmTC_a84bb.dir/CheckSymbolExists.c.o -MF CMakeFiles/cmTC_a84bb.dir/CheckSymbolExists.c.o.d -o CMakeFiles/cmTC_a84bb.dir/CheckSymbolExists.c.o -c /Users/michaelvaden/Desktop/Projects/janus/target/debug/build/fermium-5a7a19a373d5f646/out/build/CMakeFiles/CMakeScratch/TryCompile-Oju09r/CheckSymbolExists.c
/Users/michaelvaden/Desktop/Projects/janus/target/debug/build/fermium-5a7a19a373d5f646/out/build/CMakeFiles/CMakeScratch/TryCompile-Oju09r/CheckSymbolExists.c:14:19: error: use of undeclared identifier '_stricmp'
  return ((int*)(&_stricmp))[argc];
                  ^
1 error generated.
make[1]: *** [CMakeFiles/cmTC_a84bb.dir/CheckSymbolExists.c.o] Error 1
make: *** [cmTC_a84bb/fast] Error 2


File CheckSymbolExists.c:
/* */
#include <stddef.h>
#include <stdarg.h>
#include <stdlib.h>
#include <string.h>
#include <stdio.h>
#include <wchar.h>
#include <float.h>

int main(int argc, char** argv)
{
  (void)argv;
#ifndef _stricmp
  return ((int*)(&_stricmp))[argc];
#else
  (void)argc;
  return 0;
#endif
}
Determining if the _strnicmp exist failed with the following output:
Change Dir: /Users/michaelvaden/Desktop/Projects/janus/target/debug/build/fermium-5a7a19a373d5f646/out/build/CMakeFiles/CMakeScratch/TryCompile-wot3NI

Run Build Command(s):/usr/bin/make -f Makefile cmTC_2f773/fast && /Applications/Xcode.app/Contents/Developer/usr/bin/make  -f CMakeFiles/cmTC_2f773.dir/build.make CMakeFiles/cmTC_2f773.dir/build
Building C object CMakeFiles/cmTC_2f773.dir/CheckSymbolExists.c.o
/usr/bin/cc   -ffunction-sections -fdata-sections -fPIC -arch arm64 -idirafter "/Users/michaelvaden/.cargo/registry/src/github.com-1ecc6299db9ec823/fermium-20022.0.0/SDL2-2.0.22/src/video/khronos"  -arch arm64 -isysroot /Applications/Xcode.app/Contents/Developer/Platforms/MacOSX.platform/Developer/SDKs/MacOSX12.3.sdk -MD -MT CMakeFiles/cmTC_2f773.dir/CheckSymbolExists.c.o -MF CMakeFiles/cmTC_2f773.dir/CheckSymbolExists.c.o.d -o CMakeFiles/cmTC_2f773.dir/CheckSymbolExists.c.o -c /Users/michaelvaden/Desktop/Projects/janus/target/debug/build/fermium-5a7a19a373d5f646/out/build/CMakeFiles/CMakeScratch/TryCompile-wot3NI/CheckSymbolExists.c
/Users/michaelvaden/Desktop/Projects/janus/target/debug/build/fermium-5a7a19a373d5f646/out/build/CMakeFiles/CMakeScratch/TryCompile-wot3NI/CheckSymbolExists.c:14:19: error: use of undeclared identifier '_strnicmp'; did you mean 'strncmp'?
  return ((int*)(&_strnicmp))[argc];
                  ^~~~~~~~~
                  strncmp
/Applications/Xcode.app/Contents/Developer/Platforms/MacOSX.platform/Developer/SDKs/MacOSX12.3.sdk/usr/include/string.h:84:6: note: 'strncmp' declared here
int      strncmp(const char *__s1, const char *__s2, size_t __n);
         ^
1 error generated.
make[1]: *** [CMakeFiles/cmTC_2f773.dir/CheckSymbolExists.c.o] Error 1
make: *** [cmTC_2f773/fast] Error 2


File CheckSymbolExists.c:
/* */
#include <stddef.h>
#include <stdarg.h>
#include <stdlib.h>
#include <string.h>
#include <stdio.h>
#include <wchar.h>
#include <float.h>

int main(int argc, char** argv)
{
  (void)argv;
#ifndef _strnicmp
  return ((int*)(&_strnicmp))[argc];
#else
  (void)argc;
  return 0;
#endif
}
Determining if the _wcsdup exist failed with the following output:
Change Dir: /Users/michaelvaden/Desktop/Projects/janus/target/debug/build/fermium-5a7a19a373d5f646/out/build/CMakeFiles/CMakeScratch/TryCompile-z9znyi

Run Build Command(s):/usr/bin/make -f Makefile cmTC_6324f/fast && /Applications/Xcode.app/Contents/Developer/usr/bin/make  -f CMakeFiles/cmTC_6324f.dir/build.make CMakeFiles/cmTC_6324f.dir/build
Building C object CMakeFiles/cmTC_6324f.dir/CheckSymbolExists.c.o
/usr/bin/cc   -ffunction-sections -fdata-sections -fPIC -arch arm64 -idirafter "/Users/michaelvaden/.cargo/registry/src/github.com-1ecc6299db9ec823/fermium-20022.0.0/SDL2-2.0.22/src/video/khronos"  -arch arm64 -isysroot /Applications/Xcode.app/Contents/Developer/Platforms/MacOSX.platform/Developer/SDKs/MacOSX12.3.sdk -MD -MT CMakeFiles/cmTC_6324f.dir/CheckSymbolExists.c.o -MF CMakeFiles/cmTC_6324f.dir/CheckSymbolExists.c.o.d -o CMakeFiles/cmTC_6324f.dir/CheckSymbolExists.c.o -c /Users/michaelvaden/Desktop/Projects/janus/target/debug/build/fermium-5a7a19a373d5f646/out/build/CMakeFiles/CMakeScratch/TryCompile-z9znyi/CheckSymbolExists.c
/Users/michaelvaden/Desktop/Projects/janus/target/debug/build/fermium-5a7a19a373d5f646/out/build/CMakeFiles/CMakeScratch/TryCompile-z9znyi/CheckSymbolExists.c:14:19: error: use of undeclared identifier '_wcsdup'; did you mean 'wcsdup'?
  return ((int*)(&_wcsdup))[argc];
                  ^~~~~~~
                  wcsdup
/Applications/Xcode.app/Contents/Developer/Platforms/MacOSX.platform/Developer/SDKs/MacOSX12.3.sdk/usr/include/wchar.h:199:10: note: 'wcsdup' declared here
wchar_t *wcsdup(const wchar_t *) __OSX_AVAILABLE_STARTING(__MAC_10_7, __IPHONE_4_3);
         ^
1 error generated.
make[1]: *** [CMakeFiles/cmTC_6324f.dir/CheckSymbolExists.c.o] Error 1
make: *** [cmTC_6324f/fast] Error 2


File CheckSymbolExists.c:
/* */
#include <stddef.h>
#include <stdarg.h>
#include <stdlib.h>
#include <string.h>
#include <stdio.h>
#include <wchar.h>
#include <float.h>

int main(int argc, char** argv)
{
  (void)argv;
#ifndef _wcsdup
  return ((int*)(&_wcsdup))[argc];
#else
  (void)argc;
  return 0;
#endif
}
Determining if the _wcsicmp exist failed with the following output:
Change Dir: /Users/michaelvaden/Desktop/Projects/janus/target/debug/build/fermium-5a7a19a373d5f646/out/build/CMakeFiles/CMakeScratch/TryCompile-j5bmOi

Run Build Command(s):/usr/bin/make -f Makefile cmTC_2163c/fast && /Applications/Xcode.app/Contents/Developer/usr/bin/make  -f CMakeFiles/cmTC_2163c.dir/build.make CMakeFiles/cmTC_2163c.dir/build
Building C object CMakeFiles/cmTC_2163c.dir/CheckSymbolExists.c.o
/usr/bin/cc   -ffunction-sections -fdata-sections -fPIC -arch arm64 -idirafter "/Users/michaelvaden/.cargo/registry/src/github.com-1ecc6299db9ec823/fermium-20022.0.0/SDL2-2.0.22/src/video/khronos"  -arch arm64 -isysroot /Applications/Xcode.app/Contents/Developer/Platforms/MacOSX.platform/Developer/SDKs/MacOSX12.3.sdk -MD -MT CMakeFiles/cmTC_2163c.dir/CheckSymbolExists.c.o -MF CMakeFiles/cmTC_2163c.dir/CheckSymbolExists.c.o.d -o CMakeFiles/cmTC_2163c.dir/CheckSymbolExists.c.o -c /Users/michaelvaden/Desktop/Projects/janus/target/debug/build/fermium-5a7a19a373d5f646/out/build/CMakeFiles/CMakeScratch/TryCompile-j5bmOi/CheckSymbolExists.c
/Users/michaelvaden/Desktop/Projects/janus/target/debug/build/fermium-5a7a19a373d5f646/out/build/CMakeFiles/CMakeScratch/TryCompile-j5bmOi/CheckSymbolExists.c:14:19: error: use of undeclared identifier '_wcsicmp'
  return ((int*)(&_wcsicmp))[argc];
                  ^
1 error generated.
make[1]: *** [CMakeFiles/cmTC_2163c.dir/CheckSymbolExists.c.o] Error 1
make: *** [cmTC_2163c/fast] Error 2


File CheckSymbolExists.c:
/* */
#include <stddef.h>
#include <stdarg.h>
#include <stdlib.h>
#include <string.h>
#include <stdio.h>
#include <wchar.h>
#include <float.h>

int main(int argc, char** argv)
{
  (void)argv;
#ifndef _wcsicmp
  return ((int*)(&_wcsicmp))[argc];
#else
  (void)argc;
  return 0;
#endif
}
Determining if the _wcsnicmp exist failed with the following output:
Change Dir: /Users/michaelvaden/Desktop/Projects/janus/target/debug/build/fermium-5a7a19a373d5f646/out/build/CMakeFiles/CMakeScratch/TryCompile-HLrPAC

Run Build Command(s):/usr/bin/make -f Makefile cmTC_ff888/fast && /Applications/Xcode.app/Contents/Developer/usr/bin/make  -f CMakeFiles/cmTC_ff888.dir/build.make CMakeFiles/cmTC_ff888.dir/build
Building C object CMakeFiles/cmTC_ff888.dir/CheckSymbolExists.c.o
/usr/bin/cc   -ffunction-sections -fdata-sections -fPIC -arch arm64 -idirafter "/Users/michaelvaden/.cargo/registry/src/github.com-1ecc6299db9ec823/fermium-20022.0.0/SDL2-2.0.22/src/video/khronos"  -arch arm64 -isysroot /Applications/Xcode.app/Contents/Developer/Platforms/MacOSX.platform/Developer/SDKs/MacOSX12.3.sdk -MD -MT CMakeFiles/cmTC_ff888.dir/CheckSymbolExists.c.o -MF CMakeFiles/cmTC_ff888.dir/CheckSymbolExists.c.o.d -o CMakeFiles/cmTC_ff888.dir/CheckSymbolExists.c.o -c /Users/michaelvaden/Desktop/Projects/janus/target/debug/build/fermium-5a7a19a373d5f646/out/build/CMakeFiles/CMakeScratch/TryCompile-HLrPAC/CheckSymbolExists.c
/Users/michaelvaden/Desktop/Projects/janus/target/debug/build/fermium-5a7a19a373d5f646/out/build/CMakeFiles/CMakeScratch/TryCompile-HLrPAC/CheckSymbolExists.c:14:19: error: use of undeclared identifier '_wcsnicmp'; did you mean 'wcsncmp'?
  return ((int*)(&_wcsnicmp))[argc];
                  ^~~~~~~~~
                  wcsncmp
/Applications/Xcode.app/Contents/Developer/Platforms/MacOSX.platform/Developer/SDKs/MacOSX12.3.sdk/usr/include/wchar.h:134:5: note: 'wcsncmp' declared here
int     wcsncmp(const wchar_t *, const wchar_t *, size_t);
        ^
1 error generated.
make[1]: *** [CMakeFiles/cmTC_ff888.dir/CheckSymbolExists.c.o] Error 1
make: *** [cmTC_ff888/fast] Error 2


File CheckSymbolExists.c:
/* */
#include <stddef.h>
#include <stdarg.h>
#include <stdlib.h>
#include <string.h>
#include <stdio.h>
#include <wchar.h>
#include <float.h>

int main(int argc, char** argv)
{
  (void)argv;
#ifndef _wcsnicmp
  return ((int*)(&_wcsnicmp))[argc];
#else
  (void)argc;
  return 0;
#endif
}
Determining if the fopen64 exist failed with the following output:
Change Dir: /Users/michaelvaden/Desktop/Projects/janus/target/debug/build/fermium-5a7a19a373d5f646/out/build/CMakeFiles/CMakeScratch/TryCompile-7gMKjA

Run Build Command(s):/usr/bin/make -f Makefile cmTC_684f5/fast && /Applications/Xcode.app/Contents/Developer/usr/bin/make  -f CMakeFiles/cmTC_684f5.dir/build.make CMakeFiles/cmTC_684f5.dir/build
Building C object CMakeFiles/cmTC_684f5.dir/CheckSymbolExists.c.o
/usr/bin/cc   -ffunction-sections -fdata-sections -fPIC -arch arm64 -idirafter "/Users/michaelvaden/.cargo/registry/src/github.com-1ecc6299db9ec823/fermium-20022.0.0/SDL2-2.0.22/src/video/khronos"  -arch arm64 -isysroot /Applications/Xcode.app/Contents/Developer/Platforms/MacOSX.platform/Developer/SDKs/MacOSX12.3.sdk -MD -MT CMakeFiles/cmTC_684f5.dir/CheckSymbolExists.c.o -MF CMakeFiles/cmTC_684f5.dir/CheckSymbolExists.c.o.d -o CMakeFiles/cmTC_684f5.dir/CheckSymbolExists.c.o -c /Users/michaelvaden/Desktop/Projects/janus/target/debug/build/fermium-5a7a19a373d5f646/out/build/CMakeFiles/CMakeScratch/TryCompile-7gMKjA/CheckSymbolExists.c
/Users/michaelvaden/Desktop/Projects/janus/target/debug/build/fermium-5a7a19a373d5f646/out/build/CMakeFiles/CMakeScratch/TryCompile-7gMKjA/CheckSymbolExists.c:14:19: error: use of undeclared identifier 'fopen64'; did you mean 'fopen'?
  return ((int*)(&fopen64))[argc];
                  ^~~~~~~
                  fopen
/Applications/Xcode.app/Contents/Developer/Platforms/MacOSX.platform/Developer/SDKs/MacOSX12.3.sdk/usr/include/stdio.h:153:7: note: 'fopen' declared here
FILE    *fopen(const char * __restrict __filename, const char * __restrict __mode) __DARWIN_ALIAS_STARTING(__MAC_10_6, __IPHONE_2_0, __DARWIN_ALIAS(fopen));
         ^
1 error generated.
make[1]: *** [CMakeFiles/cmTC_684f5.dir/CheckSymbolExists.c.o] Error 1
make: *** [cmTC_684f5/fast] Error 2


File CheckSymbolExists.c:
/* */
#include <stddef.h>
#include <stdarg.h>
#include <stdlib.h>
#include <string.h>
#include <stdio.h>
#include <wchar.h>
#include <float.h>

int main(int argc, char** argv)
{
  (void)argv;
#ifndef fopen64
  return ((int*)(&fopen64))[argc];
#else
  (void)argc;
  return 0;
#endif
}
Determining if the fseeko64 exist failed with the following output:
Change Dir: /Users/michaelvaden/Desktop/Projects/janus/target/debug/build/fermium-5a7a19a373d5f646/out/build/CMakeFiles/CMakeScratch/TryCompile-ehX0jl

Run Build Command(s):/usr/bin/make -f Makefile cmTC_fca76/fast && /Applications/Xcode.app/Contents/Developer/usr/bin/make  -f CMakeFiles/cmTC_fca76.dir/build.make CMakeFiles/cmTC_fca76.dir/build
Building C object CMakeFiles/cmTC_fca76.dir/CheckSymbolExists.c.o
/usr/bin/cc   -ffunction-sections -fdata-sections -fPIC -arch arm64 -idirafter "/Users/michaelvaden/.cargo/registry/src/github.com-1ecc6299db9ec823/fermium-20022.0.0/SDL2-2.0.22/src/video/khronos"  -arch arm64 -isysroot /Applications/Xcode.app/Contents/Developer/Platforms/MacOSX.platform/Developer/SDKs/MacOSX12.3.sdk -MD -MT CMakeFiles/cmTC_fca76.dir/CheckSymbolExists.c.o -MF CMakeFiles/cmTC_fca76.dir/CheckSymbolExists.c.o.d -o CMakeFiles/cmTC_fca76.dir/CheckSymbolExists.c.o -c /Users/michaelvaden/Desktop/Projects/janus/target/debug/build/fermium-5a7a19a373d5f646/out/build/CMakeFiles/CMakeScratch/TryCompile-ehX0jl/CheckSymbolExists.c
/Users/michaelvaden/Desktop/Projects/janus/target/debug/build/fermium-5a7a19a373d5f646/out/build/CMakeFiles/CMakeScratch/TryCompile-ehX0jl/CheckSymbolExists.c:14:19: error: use of undeclared identifier 'fseeko64'; did you mean 'fseeko'?
  return ((int*)(&fseeko64))[argc];
                  ^~~~~~~~
                  fseeko
/Applications/Xcode.app/Contents/Developer/Platforms/MacOSX.platform/Developer/SDKs/MacOSX12.3.sdk/usr/include/stdio.h:320:6: note: 'fseeko' declared here
int      fseeko(FILE * __stream, off_t __offset, int __whence);
         ^
1 error generated.
make[1]: *** [CMakeFiles/cmTC_fca76.dir/CheckSymbolExists.c.o] Error 1
make: *** [cmTC_fca76/fast] Error 2


File CheckSymbolExists.c:
/* */
#include <stddef.h>
#include <stdarg.h>
#include <stdlib.h>
#include <string.h>
#include <stdio.h>
#include <wchar.h>
#include <float.h>

int main(int argc, char** argv)
{
  (void)argv;
#ifndef fseeko64
  return ((int*)(&fseeko64))[argc];
#else
  (void)argc;
  return 0;
#endif
}
Determining if the getauxval exist failed with the following output:
Change Dir: /Users/michaelvaden/Desktop/Projects/janus/target/debug/build/fermium-5a7a19a373d5f646/out/build/CMakeFiles/CMakeScratch/TryCompile-Fb4AO5

Run Build Command(s):/usr/bin/make -f Makefile cmTC_debfc/fast && /Applications/Xcode.app/Contents/Developer/usr/bin/make  -f CMakeFiles/cmTC_debfc.dir/build.make CMakeFiles/cmTC_debfc.dir/build
Building C object CMakeFiles/cmTC_debfc.dir/CheckSymbolExists.c.o
/usr/bin/cc   -ffunction-sections -fdata-sections -fPIC -arch arm64 -idirafter "/Users/michaelvaden/.cargo/registry/src/github.com-1ecc6299db9ec823/fermium-20022.0.0/SDL2-2.0.22/src/video/khronos"  -arch arm64 -isysroot /Applications/Xcode.app/Contents/Developer/Platforms/MacOSX.platform/Developer/SDKs/MacOSX12.3.sdk -MD -MT CMakeFiles/cmTC_debfc.dir/CheckSymbolExists.c.o -MF CMakeFiles/cmTC_debfc.dir/CheckSymbolExists.c.o.d -o CMakeFiles/cmTC_debfc.dir/CheckSymbolExists.c.o -c /Users/michaelvaden/Desktop/Projects/janus/target/debug/build/fermium-5a7a19a373d5f646/out/build/CMakeFiles/CMakeScratch/TryCompile-Fb4AO5/CheckSymbolExists.c
/Users/michaelvaden/Desktop/Projects/janus/target/debug/build/fermium-5a7a19a373d5f646/out/build/CMakeFiles/CMakeScratch/TryCompile-Fb4AO5/CheckSymbolExists.c:2:10: fatal error: 'sys/auxv.h' file not found
#include <sys/auxv.h>
         ^~~~~~~~~~~~
1 error generated.
make[1]: *** [CMakeFiles/cmTC_debfc.dir/CheckSymbolExists.c.o] Error 1
make: *** [cmTC_debfc/fast] Error 2


File CheckSymbolExists.c:
/* */
#include <sys/auxv.h>

int main(int argc, char** argv)
{
  (void)argv;
#ifndef getauxval
  return ((int*)(&getauxval))[argc];
#else
  (void)argc;
  return 0;
#endif
}
Determining if the elf_aux_info exist failed with the following output:
Change Dir: /Users/michaelvaden/Desktop/Projects/janus/target/debug/build/fermium-5a7a19a373d5f646/out/build/CMakeFiles/CMakeScratch/TryCompile-lJcGK7

Run Build Command(s):/usr/bin/make -f Makefile cmTC_b021e/fast && /Applications/Xcode.app/Contents/Developer/usr/bin/make  -f CMakeFiles/cmTC_b021e.dir/build.make CMakeFiles/cmTC_b021e.dir/build
Building C object CMakeFiles/cmTC_b021e.dir/CheckSymbolExists.c.o
/usr/bin/cc   -ffunction-sections -fdata-sections -fPIC -arch arm64 -idirafter "/Users/michaelvaden/.cargo/registry/src/github.com-1ecc6299db9ec823/fermium-20022.0.0/SDL2-2.0.22/src/video/khronos"  -arch arm64 -isysroot /Applications/Xcode.app/Contents/Developer/Platforms/MacOSX.platform/Developer/SDKs/MacOSX12.3.sdk -MD -MT CMakeFiles/cmTC_b021e.dir/CheckSymbolExists.c.o -MF CMakeFiles/cmTC_b021e.dir/CheckSymbolExists.c.o.d -o CMakeFiles/cmTC_b021e.dir/CheckSymbolExists.c.o -c /Users/michaelvaden/Desktop/Projects/janus/target/debug/build/fermium-5a7a19a373d5f646/out/build/CMakeFiles/CMakeScratch/TryCompile-lJcGK7/CheckSymbolExists.c
/Users/michaelvaden/Desktop/Projects/janus/target/debug/build/fermium-5a7a19a373d5f646/out/build/CMakeFiles/CMakeScratch/TryCompile-lJcGK7/CheckSymbolExists.c:2:10: fatal error: 'sys/auxv.h' file not found
#include <sys/auxv.h>
         ^~~~~~~~~~~~
1 error generated.
make[1]: *** [CMakeFiles/cmTC_b021e.dir/CheckSymbolExists.c.o] Error 1
make: *** [cmTC_b021e/fast] Error 2


File CheckSymbolExists.c:
/* */
#include <sys/auxv.h>

int main(int argc, char** argv)
{
  (void)argv;
#ifndef elf_aux_info
  return ((int*)(&elf_aux_info))[argc];
#else
  (void)argc;
  return 0;
#endif
}
Performing C SOURCE FILE Test HAVE_SEM_TIMEDWAIT failed with the following output:
Change Dir: /Users/michaelvaden/Desktop/Projects/janus/target/debug/build/fermium-5a7a19a373d5f646/out/build/CMakeFiles/CMakeScratch/TryCompile-1mN6HI

Run Build Command(s):/usr/bin/make -f Makefile cmTC_ed1fe/fast && /Applications/Xcode.app/Contents/Developer/usr/bin/make  -f CMakeFiles/cmTC_ed1fe.dir/build.make CMakeFiles/cmTC_ed1fe.dir/build
Building C object CMakeFiles/cmTC_ed1fe.dir/src.c.o
/usr/bin/cc -DHAVE_SEM_TIMEDWAIT  -ffunction-sections -fdata-sections -fPIC -arch arm64 -idirafter "/Users/michaelvaden/.cargo/registry/src/github.com-1ecc6299db9ec823/fermium-20022.0.0/SDL2-2.0.22/src/video/khronos"  -D_THREAD_SAFE -arch arm64 -isysroot /Applications/Xcode.app/Contents/Developer/Platforms/MacOSX.platform/Developer/SDKs/MacOSX12.3.sdk -MD -MT CMakeFiles/cmTC_ed1fe.dir/src.c.o -MF CMakeFiles/cmTC_ed1fe.dir/src.c.o.d -o CMakeFiles/cmTC_ed1fe.dir/src.c.o -c /Users/michaelvaden/Desktop/Projects/janus/target/debug/build/fermium-5a7a19a373d5f646/out/build/CMakeFiles/CMakeScratch/TryCompile-1mN6HI/src.c
/Users/michaelvaden/Desktop/Projects/janus/target/debug/build/fermium-5a7a19a373d5f646/out/build/CMakeFiles/CMakeScratch/TryCompile-1mN6HI/src.c:5:19: error: implicit declaration of function 'sem_timedwait' is invalid in C99 [-Werror,-Wimplicit-function-declaration]
                  sem_timedwait(NULL, NULL);
                  ^
/Users/michaelvaden/Desktop/Projects/janus/target/debug/build/fermium-5a7a19a373d5f646/out/build/CMakeFiles/CMakeScratch/TryCompile-1mN6HI/src.c:5:19: note: did you mean 'sem_trywait'?
/Applications/Xcode.app/Contents/Developer/Platforms/MacOSX.platform/Developer/SDKs/MacOSX12.3.sdk/usr/include/sys/semaphore.h:58:5: note: 'sem_trywait' declared here
int sem_trywait(sem_t *);
    ^
1 error generated.
make[1]: *** [CMakeFiles/cmTC_ed1fe.dir/src.c.o] Error 1
make: *** [cmTC_ed1fe/fast] Error 2


Source file was:

              #include <pthread.h>
              #include <semaphore.h>
              int main(int argc, char **argv) {
                  sem_timedwait(NULL, NULL);
                  return 0;
              }

Determining if files pthread_np.h exist failed with the following output:
Change Dir: /Users/michaelvaden/Desktop/Projects/janus/target/debug/build/fermium-5a7a19a373d5f646/out/build/CMakeFiles/CMakeScratch/TryCompile-9YrQgJ

Run Build Command(s):/usr/bin/make -f Makefile cmTC_d9f85/fast && /Applications/Xcode.app/Contents/Developer/usr/bin/make  -f CMakeFiles/cmTC_d9f85.dir/build.make CMakeFiles/cmTC_d9f85.dir/build
Building C object CMakeFiles/cmTC_d9f85.dir/HAVE_PTHREAD_NP_H.c.o
/usr/bin/cc   -ffunction-sections -fdata-sections -fPIC -arch arm64 -idirafter "/Users/michaelvaden/.cargo/registry/src/github.com-1ecc6299db9ec823/fermium-20022.0.0/SDL2-2.0.22/src/video/khronos"  -D_THREAD_SAFE -arch arm64 -isysroot /Applications/Xcode.app/Contents/Developer/Platforms/MacOSX.platform/Developer/SDKs/MacOSX12.3.sdk -MD -MT CMakeFiles/cmTC_d9f85.dir/HAVE_PTHREAD_NP_H.c.o -MF CMakeFiles/cmTC_d9f85.dir/HAVE_PTHREAD_NP_H.c.o.d -o CMakeFiles/cmTC_d9f85.dir/HAVE_PTHREAD_NP_H.c.o -c /Users/michaelvaden/Desktop/Projects/janus/target/debug/build/fermium-5a7a19a373d5f646/out/build/CMakeFiles/CMakeScratch/TryCompile-9YrQgJ/HAVE_PTHREAD_NP_H.c
/Users/michaelvaden/Desktop/Projects/janus/target/debug/build/fermium-5a7a19a373d5f646/out/build/CMakeFiles/CMakeScratch/TryCompile-9YrQgJ/HAVE_PTHREAD_NP_H.c:2:10: fatal error: 'pthread_np.h' file not found
#include <pthread_np.h>
         ^~~~~~~~~~~~~~
1 error generated.
make[1]: *** [CMakeFiles/cmTC_d9f85.dir/HAVE_PTHREAD_NP_H.c.o] Error 1
make: *** [cmTC_d9f85/fast] Error 2


Source:
/* */
#include <pthread_np.h>


int main(void){return 0;}

Performing C SOURCE FILE Test HAVE_PTHREAD_SETNAME_NP failed with the following output:
Change Dir: /Users/michaelvaden/Desktop/Projects/janus/target/debug/build/fermium-5a7a19a373d5f646/out/build/CMakeFiles/CMakeScratch/TryCompile-WuhWtZ

Run Build Command(s):/usr/bin/make -f Makefile cmTC_ac465/fast && /Applications/Xcode.app/Contents/Developer/usr/bin/make  -f CMakeFiles/cmTC_ac465.dir/build.make CMakeFiles/cmTC_ac465.dir/build
Building C object CMakeFiles/cmTC_ac465.dir/src.c.o
/usr/bin/cc -DHAVE_PTHREAD_SETNAME_NP  -ffunction-sections -fdata-sections -fPIC -arch arm64 -idirafter "/Users/michaelvaden/.cargo/registry/src/github.com-1ecc6299db9ec823/fermium-20022.0.0/SDL2-2.0.22/src/video/khronos"  -D_THREAD_SAFE -arch arm64 -isysroot /Applications/Xcode.app/Contents/Developer/Platforms/MacOSX.platform/Developer/SDKs/MacOSX12.3.sdk -MD -MT CMakeFiles/cmTC_ac465.dir/src.c.o -MF CMakeFiles/cmTC_ac465.dir/src.c.o.d -o CMakeFiles/cmTC_ac465.dir/src.c.o -c /Users/michaelvaden/Desktop/Projects/janus/target/debug/build/fermium-5a7a19a373d5f646/out/build/CMakeFiles/CMakeScratch/TryCompile-WuhWtZ/src.c
/Users/michaelvaden/Desktop/Projects/janus/target/debug/build/fermium-5a7a19a373d5f646/out/build/CMakeFiles/CMakeScratch/TryCompile-WuhWtZ/src.c:5:50: error: too many arguments to function call, expected 1, have 2
              pthread_setname_np(pthread_self(), "");
              ~~~~~~~~~~~~~~~~~~                 ^~
/Applications/Xcode.app/Contents/Developer/Platforms/MacOSX.platform/Developer/SDKs/MacOSX12.3.sdk/usr/include/pthread.h:510:5: note: 'pthread_setname_np' declared here
int     pthread_setname_np(const char*);
        ^
1 error generated.
make[1]: *** [CMakeFiles/cmTC_ac465.dir/src.c.o] Error 1
make: *** [cmTC_ac465/fast] Error 2


Source file was:

            #define _GNU_SOURCE 1
            #include <pthread.h>
            int main(int argc, char **argv) {
              pthread_setname_np(pthread_self(), "");
              return 0;
            }

